#
# There is insufficient memory for the Java Runtime Environment to continue.
# Native memory allocation (malloc) failed to allocate 32744 bytes. Error detail: Chunk::new
# Possible reasons:
#   The system is out of physical RAM or swap space
#   This process is running with CompressedOops enabled, and the Java Heap may be blocking the growth of the native heap
# Possible solutions:
#   Reduce memory load on the system
#   Increase physical memory or swap space
#   Check if swap backing store is full
#   Decrease Java heap size (-Xmx/-Xms)
#   Decrease number of Java threads
#   Decrease Java thread stack sizes (-Xss)
#   Set larger code cache with -XX:ReservedCodeCacheSize=
#   JVM is running with Unscaled Compressed Oops mode in which the Java heap is
#     placed in the first 4GB address space. The Java Heap base address is the
#     maximum limit for the native heap growth. Please use -XX:HeapBaseMinAddress
#     to set the Java Heap base and to place the Java Heap above 4GB virtual address.
# This output file may be truncated or incomplete.
#
#  Out of Memory Error (arena.cpp:168), pid=7764, tid=24972
#
# JRE version: OpenJDK Runtime Environment Temurin-21.0.10+7 (21.0.10+7) (build 21.0.10+7-LTS)
# Java VM: OpenJDK 64-Bit Server VM Temurin-21.0.10+7 (21.0.10+7-LTS, mixed mode, sharing, tiered, compressed oops, compressed class ptrs, parallel gc, windows-amd64)
# No core dump will be written. Minidumps are not enabled by default on client versions of Windows
#

---------------  S U M M A R Y ------------

Command Line: --add-modules=ALL-SYSTEM --add-opens=java.base/java.util=ALL-UNNAMED --add-opens=java.base/java.lang=ALL-UNNAMED --add-opens=java.base/sun.nio.fs=ALL-UNNAMED -Declipse.application=org.eclipse.jdt.ls.core.id1 -Dosgi.bundles.defaultStartLevel=4 -Declipse.product=org.eclipse.jdt.ls.core.product -Djava.import.generatesMetadataFilesAtProjectRoot=false -DDetectVMInstallationsJob.disabled=true -Dfile.encoding=utf8 -XX:+UseParallelGC -XX:GCTimeRatio=4 -XX:AdaptiveSizePolicyWeight=90 -Dsun.zip.disableMemoryMapping=true -Xmx2G -Xms100m -Xlog:disable -javaagent:c:\Users\gaana\.vscode\extensions\redhat.java-1.54.0-win32-x64\lombok\lombok-1.18.39-4050.jar c:\Users\gaana\.vscode\extensions\redhat.java-1.54.0-win32-x64\server\plugins\org.eclipse.equinox.launcher_1.7.100.v20251111-0406.jar -configuration c:\Users\gaana\AppData\Roaming\Code\User\globalStorage\redhat.java\1.54.0\config_ss_win -data c:\Users\gaana\AppData\Roaming\Code\User\workspaceStorage\8df9088b493f32a0263a46daa3adb40f\redhat.java\ss_ws --pipe=\\.\pipe\lsp-0be26ace472e8539eb04d1f7ea298c8a-sock

Host: AMD Ryzen 7 6800H with Radeon Graphics         , 16 cores, 15G,  Windows 11 , 64 bit Build 26100 (10.0.26100.8246)
Time: Mon May 11 13:46:48 2026 India Standard Time elapsed time: 10.229459 seconds (0d 0h 0m 10s)

---------------  T H R E A D  ---------------

Current thread (0x00000134ff4f4db0):  JavaThread "C1 CompilerThread0" daemon [_thread_in_vm, id=24972, stack(0x0000000c2f900000,0x0000000c2fa00000) (1024K)]


Current CompileTask:
C1:10229 1796       3       sun.nio.fs.WindowsPathParser::normalize (233 bytes)

Stack: [0x0000000c2f900000,0x0000000c2fa00000]
Native frames: (J=compiled Java code, j=interpreted, Vv=VM code, C=native code)
V  [jvm.dll+0x6d7a39]
V  [jvm.dll+0x8b4b26]
V  [jvm.dll+0x8b70de]
V  [jvm.dll+0x8b77c3]
V  [jvm.dll+0x284346]
V  [jvm.dll+0xc66ed]
V  [jvm.dll+0xc6c31]
V  [jvm.dll+0x1fad20]
V  [jvm.dll+0x1fba58]
V  [jvm.dll+0x1f6548]
V  [jvm.dll+0x16929e]
V  [jvm.dll+0x1690e6]
V  [jvm.dll+0x160cb0]
V  [jvm.dll+0x162f4d]
V  [jvm.dll+0x16145c]
V  [jvm.dll+0x169c0a]
V  [jvm.dll+0x1690e6]
V  [jvm.dll+0x160cb0]
V  [jvm.dll+0x162f4d]
V  [jvm.dll+0x161556]
V  [jvm.dll+0x169c0a]
V  [jvm.dll+0x1690e6]
V  [jvm.dll+0x160cb0]
V  [jvm.dll+0x162f4d]
V  [jvm.dll+0x161556]
V  [jvm.dll+0x15b297]
V  [jvm.dll+0x16ad68]
V  [jvm.dll+0x156885]
V  [jvm.dll+0x156bd2]
V  [jvm.dll+0x156e84]
V  [jvm.dll+0x15629c]
V  [jvm.dll+0x15802d]
V  [jvm.dll+0x25b85d]
V  [jvm.dll+0x259dea]
V  [jvm.dll+0x3f857e]
V  [jvm.dll+0x85f59d]
V  [jvm.dll+0x6d626d]
C  [ucrtbase.dll+0x37b0]
C  [KERNEL32.DLL+0x2e8d7]
C  [ntdll.dll+0x8c3fc]


---------------  P R O C E S S  ---------------

Threads class SMR info:
_java_thread_list=0x00000134c6040370, length=18, elements={
0x00000134e755c250, 0x00000134e750def0, 0x00000134ff4c7300, 0x00000134ff4ccc30,
0x00000134ff4cf6a0, 0x00000134ff4d4f70, 0x00000134ff4d9b00, 0x00000134ff4f4650,
0x00000134ff4f4db0, 0x00000134ff4da190, 0x00000134ff4da820, 0x00000134ff4d9470,
0x00000134ff4daeb0, 0x00000134ff4db540, 0x00000134ff4dbbd0, 0x00000134ff4d8750,
0x00000134ff4d8de0, 0x00000134c68c9520
}

Java Threads: ( => current thread )
  0x00000134e755c250 JavaThread "main"                              [_thread_in_native, id=17884, stack(0x0000000c2ee00000,0x0000000c2ef00000) (1024K)]
  0x00000134e750def0 JavaThread "Reference Handler"          daemon [_thread_blocked, id=8940, stack(0x0000000c2f200000,0x0000000c2f300000) (1024K)]
  0x00000134ff4c7300 JavaThread "Finalizer"                  daemon [_thread_blocked, id=10628, stack(0x0000000c2f300000,0x0000000c2f400000) (1024K)]
  0x00000134ff4ccc30 JavaThread "Signal Dispatcher"          daemon [_thread_blocked, id=13620, stack(0x0000000c2f400000,0x0000000c2f500000) (1024K)]
  0x00000134ff4cf6a0 JavaThread "Attach Listener"            daemon [_thread_blocked, id=2480, stack(0x0000000c2f500000,0x0000000c2f600000) (1024K)]
  0x00000134ff4d4f70 JavaThread "Service Thread"             daemon [_thread_blocked, id=23280, stack(0x0000000c2f600000,0x0000000c2f700000) (1024K)]
  0x00000134ff4d9b00 JavaThread "Monitor Deflation Thread"   daemon [_thread_blocked, id=14248, stack(0x0000000c2f700000,0x0000000c2f800000) (1024K)]
  0x00000134ff4f4650 JavaThread "C2 CompilerThread0"         daemon [_thread_blocked, id=24712, stack(0x0000000c2f800000,0x0000000c2f900000) (1024K)]
=>0x00000134ff4f4db0 JavaThread "C1 CompilerThread0"         daemon [_thread_in_vm, id=24972, stack(0x0000000c2f900000,0x0000000c2fa00000) (1024K)]
  0x00000134ff4da190 JavaThread "Common-Cleaner"             daemon [_thread_blocked, id=7552, stack(0x0000000c2fd00000,0x0000000c2fe00000) (1024K)]
  0x00000134ff4da820 JavaThread "Notification Thread"        daemon [_thread_blocked, id=25940, stack(0x0000000c2fe00000,0x0000000c2ff00000) (1024K)]
  0x00000134ff4d9470 JavaThread "Equinox resolver thread - Equinox Container: 3ca8e140-5ac3-4d8e-a981-86db8933ba4e" daemon [_thread_blocked, id=22532, stack(0x0000000c30700000,0x0000000c30800000) (1024K)]
  0x00000134ff4daeb0 JavaThread "Equinox resolver thread - Equinox Container: 3ca8e140-5ac3-4d8e-a981-86db8933ba4e" daemon [_thread_blocked, id=13400, stack(0x0000000c30800000,0x0000000c30900000) (1024K)]
  0x00000134ff4db540 JavaThread "Equinox resolver thread - Equinox Container: 3ca8e140-5ac3-4d8e-a981-86db8933ba4e" daemon [_thread_blocked, id=12224, stack(0x0000000c30900000,0x0000000c30a00000) (1024K)]
  0x00000134ff4dbbd0 JavaThread "Equinox resolver thread - Equinox Container: 3ca8e140-5ac3-4d8e-a981-86db8933ba4e" daemon [_thread_blocked, id=19804, stack(0x0000000c30a00000,0x0000000c30b00000) (1024K)]
  0x00000134ff4d8750 JavaThread "Equinox resolver thread - Equinox Container: 3ca8e140-5ac3-4d8e-a981-86db8933ba4e" daemon [_thread_blocked, id=8936, stack(0x0000000c30b00000,0x0000000c30c00000) (1024K)]
  0x00000134ff4d8de0 JavaThread "Equinox resolver thread - Equinox Container: 3ca8e140-5ac3-4d8e-a981-86db8933ba4e" daemon [_thread_blocked, id=14692, stack(0x0000000c30c00000,0x0000000c30d00000) (1024K)]
  0x00000134c68c9520 JavaThread "Active Thread: Equinox Container: 3ca8e140-5ac3-4d8e-a981-86db8933ba4e"        [_thread_blocked, id=23440, stack(0x0000000c30d00000,0x0000000c30e00000) (1024K)]
Total: 18

Other Threads:
  0x00000134e761eb20 VMThread "VM Thread"                           [id=22536, stack(0x0000000c2f100000,0x0000000c2f200000) (1024K)]
  0x00000134e73eca10 WatcherThread "VM Periodic Task Thread"        [id=14016, stack(0x0000000c2f000000,0x0000000c2f100000) (1024K)]
  0x00000134e7579f20 WorkerThread "GC Thread#0"                     [id=25388, stack(0x0000000c2ef00000,0x0000000c2f000000) (1024K)]
  0x00000134c60fb1a0 WorkerThread "GC Thread#1"                     [id=23500, stack(0x0000000c30000000,0x0000000c30100000) (1024K)]
  0x00000134c6782c00 WorkerThread "GC Thread#2"                     [id=25708, stack(0x0000000c30100000,0x0000000c30200000) (1024K)]
  0x00000134c60fa410 WorkerThread "GC Thread#3"                     [id=24616, stack(0x0000000c30200000,0x0000000c30300000) (1024K)]
  0x00000134c67dc8d0 WorkerThread "GC Thread#4"                     [id=23612, stack(0x0000000c30300000,0x0000000c30400000) (1024K)]
  0x00000134c67f7370 WorkerThread "GC Thread#5"                     [id=3024, stack(0x0000000c30400000,0x0000000c30500000) (1024K)]
  0x00000134c67dd2a0 WorkerThread "GC Thread#6"                     [id=26028, stack(0x0000000c30500000,0x0000000c30600000) (1024K)]
  0x00000134c6d8ef80 WorkerThread "GC Thread#7"                     [id=9860, stack(0x0000000c2ff00000,0x0000000c30000000) (1024K)]
Total: 10

Threads with active compile tasks:
C1 CompilerThread0  10272 1796       3       sun.nio.fs.WindowsPathParser::normalize (233 bytes)
Total: 1

VM state: not at safepoint (normal execution)

VM Mutex/Monitor currently owned by a thread: None

Heap address: 0x0000000080000000, size: 2048 MB, Compressed Oops mode: 32-bit

CDS archive(s) mapped at: [0x0000013480000000-0x0000013480ba0000-0x0000013480ba0000), size 12189696, SharedBaseAddress: 0x0000013480000000, ArchiveRelocationMode: 1.
Compressed class space mapped at: 0x0000013481000000-0x00000134c1000000, reserved size: 1073741824
Narrow klass base: 0x0000013480000000, Narrow klass shift: 0, Narrow klass range: 0x100000000

GC Precious Log:
 CardTable entry size: 512
 CPUs: 16 total, 16 available
 Memory: 15573M
 Large Page Support: Disabled
 NUMA Support: Disabled
 Compressed Oops: Enabled (32-bit)
 Alignments: Space 512K, Generation 512K, Heap 2M
 Heap Min Capacity: 100M
 Heap Initial Capacity: 100M
 Heap Max Capacity: 2G
 Pre-touch: Disabled
 Parallel Workers: 13

Heap:
 PSYoungGen      total 29696K, used 5155K [0x00000000d5580000, 0x00000000d7680000, 0x0000000100000000)
  eden space 25600K, 4% used [0x00000000d5580000,0x00000000d5697098,0x00000000d6e80000)
  from space 4096K, 98% used [0x00000000d7280000,0x00000000d7671e98,0x00000000d7680000)
  to   space 4096K, 0% used [0x00000000d6e80000,0x00000000d6e80000,0x00000000d7280000)
 ParOldGen       total 68608K, used 32K [0x0000000080000000, 0x0000000084300000, 0x00000000d5580000)
  object space 68608K, 0% used [0x0000000080000000,0x0000000080008000,0x0000000084300000)
 Metaspace       used 8335K, committed 8640K, reserved 1114112K
  class space    used 883K, committed 1024K, reserved 1048576K

Card table byte_map: [0x00000134e6f00000,0x00000134e7310000] _byte_map_base: 0x00000134e6b00000

Marking Bits: (ParMarkBitMap*) 0x00007ffa1c673450
 Begin Bits: [0x00000134f9a10000, 0x00000134fba10000)
 End Bits:   [0x00000134fba10000, 0x00000134fda10000)

Polling page: 0x00000134e5370000

Metaspace:

Usage:
  Non-class:      7.28 MB used.
      Class:    883.62 KB used.
       Both:      8.14 MB used.

Virtual space:
  Non-class space:       64.00 MB reserved,       7.44 MB ( 12%) committed,  1 nodes.
      Class space:        1.00 GB reserved,       1.00 MB ( <1%) committed,  1 nodes.
             Both:        1.06 GB reserved,       8.44 MB ( <1%) committed. 

Chunk freelists:
   Non-Class:  8.61 MB
       Class:  14.89 MB
        Both:  23.50 MB

MaxMetaspaceSize: unlimited
CompressedClassSpaceSize: 1.00 GB
Initial GC threshold: 21.00 MB
Current GC threshold: 21.00 MB
CDS: on
 - commit_granule_bytes: 65536.
 - commit_granule_words: 8192.
 - virtual_space_node_default_size: 8388608.
 - enlarge_chunks_in_place: 1.
 - use_allocation_guard: 0.


Internal statistics:

num_allocs_failed_limit: 0.
num_arena_births: 224.
num_arena_deaths: 0.
num_vsnodes_births: 2.
num_vsnodes_deaths: 0.
num_space_committed: 135.
num_space_uncommitted: 0.
num_chunks_returned_to_freelist: 0.
num_chunks_taken_from_freelist: 423.
num_chunk_merges: 0.
num_chunk_splits: 274.
num_chunks_enlarged: 183.
num_inconsistent_stats: 0.

CodeHeap 'non-profiled nmethods': size=119168Kb used=677Kb max_used=677Kb free=118490Kb
 bounds [0x00000134f2300000, 0x00000134f2570000, 0x00000134f9760000]
CodeHeap 'profiled nmethods': size=119104Kb used=3238Kb max_used=3238Kb free=115865Kb
 bounds [0x00000134ea760000, 0x00000134eaa90000, 0x00000134f1bb0000]
CodeHeap 'non-nmethods': size=7488Kb used=1214Kb max_used=2927Kb free=6274Kb
 bounds [0x00000134f1bb0000, 0x00000134f1e90000, 0x00000134f2300000]
CodeCache: size=245760Kb, used=5129Kb, max_used=6842Kb, free=240629Kb
 total_blobs=2272, nmethods=1795, adapters=384, full_count=0
Compilation: enabled, stopped_count=0, restarted_count=0

Compilation events (20 events):
Event: 8.007 Thread 0x00000134ff4f4db0 nmethod 1785 0x00000134eaa85410 code [0x00000134eaa855c0, 0x00000134eaa85788]
Event: 8.023 Thread 0x00000134ff4f4db0 1786       3       org.eclipse.core.runtime.adaptor.EclipseStarter::createURL (52 bytes)
Event: 8.024 Thread 0x00000134ff4f4db0 nmethod 1786 0x00000134eaa85890 code [0x00000134eaa85b40, 0x00000134eaa86718]
Event: 8.025 Thread 0x00000134ff4f4db0 1787       3       org.eclipse.osgi.storage.url.reference.Handler::<init> (35 bytes)
Event: 8.025 Thread 0x00000134ff4f4db0 nmethod 1787 0x00000134eaa86c90 code [0x00000134eaa86ea0, 0x00000134eaa873e8]
Event: 8.043 Thread 0x00000134ff4f4db0 1788       3       jdk.internal.misc.Unsafe::checkPointer (19 bytes)
Event: 8.043 Thread 0x00000134ff4f4db0 nmethod 1788 0x00000134eaa87610 code [0x00000134eaa877e0, 0x00000134eaa87b68]
Event: 8.061 Thread 0x00000134ff4f4db0 1789       3       jdk.internal.misc.Unsafe::checkPrimitivePointer (19 bytes)
Event: 8.061 Thread 0x00000134ff4f4db0 nmethod 1789 0x00000134eaa87d10 code [0x00000134eaa87f20, 0x00000134eaa88518]
Event: 8.595 Thread 0x00000134ff4f4db0 1791       1       sun.nio.fs.NativeBuffer::size (5 bytes)
Event: 8.595 Thread 0x00000134ff4f4db0 nmethod 1791 0x00000134f23a8b90 code [0x00000134f23a8d20, 0x00000134f23a8de8]
Event: 8.793 Thread 0x00000134ff4f4db0 1793       3       sun.net.util.IPAddressUtil::scan (62 bytes)
Event: 8.794 Thread 0x00000134ff4f4db0 nmethod 1793 0x00000134eaa88790 code [0x00000134eaa889e0, 0x00000134eaa892a0]
Event: 8.794 Thread 0x00000134ff4f4db0 1792       3       java.net.URL::<init> (11 bytes)
Event: 8.794 Thread 0x00000134ff4f4db0 nmethod 1792 0x00000134eaa89690 code [0x00000134eaa89840, 0x00000134eaa89988]
Event: 9.516 Thread 0x00000134ff4f4db0 1794       1       sun.nio.fs.WindowsPath::getFileSystem (5 bytes)
Event: 9.517 Thread 0x00000134ff4f4db0 nmethod 1794 0x00000134f23a8e90 code [0x00000134f23a9020, 0x00000134f23a90e8]
Event: 9.681 Thread 0x00000134ff4f4db0 1795       1       sun.nio.fs.NativeBuffer::setOwner (6 bytes)
Event: 9.681 Thread 0x00000134ff4f4db0 nmethod 1795 0x00000134f23a9190 code [0x00000134f23a9320, 0x00000134f23a9400]
Event: 10.226 Thread 0x00000134ff4f4db0 1796       3       sun.nio.fs.WindowsPathParser::normalize (233 bytes)

GC Heap History (4 events):
Event: 1.386 GC heap before
{Heap before GC invocations=1 (full 0):
 PSYoungGen      total 29696K, used 25600K [0x00000000d5580000, 0x00000000d7680000, 0x0000000100000000)
  eden space 25600K, 100% used [0x00000000d5580000,0x00000000d6e80000,0x00000000d6e80000)
  from space 4096K, 0% used [0x00000000d7280000,0x00000000d7280000,0x00000000d7680000)
  to   space 4096K, 0% used [0x00000000d6e80000,0x00000000d6e80000,0x00000000d7280000)
 ParOldGen       total 68608K, used 0K [0x0000000080000000, 0x0000000084300000, 0x00000000d5580000)
  object space 68608K, 0% used [0x0000000080000000,0x0000000080000000,0x0000000084300000)
 Metaspace       used 4376K, committed 4608K, reserved 1114112K
  class space    used 477K, committed 576K, reserved 1048576K
}
Event: 1.393 GC heap after
{Heap after GC invocations=1 (full 0):
 PSYoungGen      total 29696K, used 3563K [0x00000000d5580000, 0x00000000d7680000, 0x0000000100000000)
  eden space 25600K, 0% used [0x00000000d5580000,0x00000000d5580000,0x00000000d6e80000)
  from space 4096K, 87% used [0x00000000d6e80000,0x00000000d71faff0,0x00000000d7280000)
  to   space 4096K, 0% used [0x00000000d7280000,0x00000000d7280000,0x00000000d7680000)
 ParOldGen       total 68608K, used 16K [0x0000000080000000, 0x0000000084300000, 0x00000000d5580000)
  object space 68608K, 0% used [0x0000000080000000,0x0000000080004000,0x0000000084300000)
 Metaspace       used 4376K, committed 4608K, reserved 1114112K
  class space    used 477K, committed 576K, reserved 1048576K
}
Event: 2.576 GC heap before
{Heap before GC invocations=2 (full 0):
 PSYoungGen      total 29696K, used 29163K [0x00000000d5580000, 0x00000000d7680000, 0x0000000100000000)
  eden space 25600K, 100% used [0x00000000d5580000,0x00000000d6e80000,0x00000000d6e80000)
  from space 4096K, 87% used [0x00000000d6e80000,0x00000000d71faff0,0x00000000d7280000)
  to   space 4096K, 0% used [0x00000000d7280000,0x00000000d7280000,0x00000000d7680000)
 ParOldGen       total 68608K, used 16K [0x0000000080000000, 0x0000000084300000, 0x00000000d5580000)
  object space 68608K, 0% used [0x0000000080000000,0x0000000080004000,0x0000000084300000)
 Metaspace       used 8317K, committed 8640K, reserved 1114112K
  class space    used 883K, committed 1024K, reserved 1048576K
}
Event: 2.581 GC heap after
{Heap after GC invocations=2 (full 0):
 PSYoungGen      total 29696K, used 4039K [0x00000000d5580000, 0x00000000d7680000, 0x0000000100000000)
  eden space 25600K, 0% used [0x00000000d5580000,0x00000000d5580000,0x00000000d6e80000)
  from space 4096K, 98% used [0x00000000d7280000,0x00000000d7671e98,0x00000000d7680000)
  to   space 4096K, 0% used [0x00000000d6e80000,0x00000000d6e80000,0x00000000d7280000)
 ParOldGen       total 68608K, used 32K [0x0000000080000000, 0x0000000084300000, 0x00000000d5580000)
  object space 68608K, 0% used [0x0000000080000000,0x0000000080008000,0x0000000084300000)
 Metaspace       used 8317K, committed 8640K, reserved 1114112K
  class space    used 883K, committed 1024K, reserved 1048576K
}

Dll operation events (8 events):
Event: 0.228 Loaded shared library c:\Users\gaana\.vscode\extensions\redhat.java-1.54.0-win32-x64\jre\21.0.10-win32-x86_64\bin\java.dll
Event: 0.422 Loaded shared library c:\Users\gaana\.vscode\extensions\redhat.java-1.54.0-win32-x64\jre\21.0.10-win32-x86_64\bin\zip.dll
Event: 0.451 Loaded shared library C:\Users\gaana\.vscode\extensions\redhat.java-1.54.0-win32-x64\jre\21.0.10-win32-x86_64\bin\instrument.dll
Event: 0.507 Loaded shared library C:\Users\gaana\.vscode\extensions\redhat.java-1.54.0-win32-x64\jre\21.0.10-win32-x86_64\bin\net.dll
Event: 0.561 Loaded shared library C:\Users\gaana\.vscode\extensions\redhat.java-1.54.0-win32-x64\jre\21.0.10-win32-x86_64\bin\nio.dll
Event: 0.564 Loaded shared library C:\Users\gaana\.vscode\extensions\redhat.java-1.54.0-win32-x64\jre\21.0.10-win32-x86_64\bin\zip.dll
Event: 0.587 Loaded shared library C:\Users\gaana\.vscode\extensions\redhat.java-1.54.0-win32-x64\jre\21.0.10-win32-x86_64\bin\jimage.dll
Event: 0.750 Loaded shared library c:\Users\gaana\.vscode\extensions\redhat.java-1.54.0-win32-x64\jre\21.0.10-win32-x86_64\bin\verify.dll

Deoptimization events (20 events):
Event: 1.715 Thread 0x00000134e755c250 DEOPT PACKING pc=0x00000134f23437a0 sp=0x0000000c2eefe810
Event: 1.715 Thread 0x00000134e755c250 DEOPT UNPACKING pc=0x00000134f1c03aa2 sp=0x0000000c2eefe680 mode 2
Event: 1.777 Thread 0x00000134e755c250 Uncommon trap: trap_request=0xffffff45 fr.pc=0x00000134f237e0cc relative=0x00000000000000ac
Event: 1.777 Thread 0x00000134e755c250 Uncommon trap: reason=unstable_if action=reinterpret pc=0x00000134f237e0cc method=java.util.concurrent.locks.ReentrantLock$NonfairSync.initialTryLock()Z @ 10 c2
Event: 1.777 Thread 0x00000134e755c250 DEOPT PACKING pc=0x00000134f237e0cc sp=0x0000000c2eefea70
Event: 1.777 Thread 0x00000134e755c250 DEOPT UNPACKING pc=0x00000134f1c03aa2 sp=0x0000000c2eefea00 mode 2
Event: 1.801 Thread 0x00000134e755c250 Uncommon trap: trap_request=0xffffff45 fr.pc=0x00000134f237cc60 relative=0x0000000000000040
Event: 1.801 Thread 0x00000134e755c250 Uncommon trap: reason=unstable_if action=reinterpret pc=0x00000134f237cc60 method=java.util.concurrent.locks.AbstractQueuedSynchronizer.signalNext(Ljava/util/concurrent/locks/AbstractQueuedSynchronizer$Node;)V @ 1 c2
Event: 1.801 Thread 0x00000134e755c250 DEOPT PACKING pc=0x00000134f237cc60 sp=0x0000000c2eefe870
Event: 1.801 Thread 0x00000134e755c250 DEOPT UNPACKING pc=0x00000134f1c03aa2 sp=0x0000000c2eefe800 mode 2
Event: 1.838 Thread 0x00000134e755c250 Uncommon trap: trap_request=0xffffffde fr.pc=0x00000134f232df78 relative=0x00000000000008b8
Event: 1.838 Thread 0x00000134e755c250 Uncommon trap: reason=class_check action=maybe_recompile pc=0x00000134f232df78 method=java.util.HashMap.putVal(ILjava/lang/Object;Ljava/lang/Object;ZZ)Ljava/lang/Object; @ 253 c2
Event: 1.838 Thread 0x00000134e755c250 DEOPT PACKING pc=0x00000134f232df78 sp=0x0000000c2eefe3d0
Event: 1.838 Thread 0x00000134e755c250 DEOPT UNPACKING pc=0x00000134f1c03aa2 sp=0x0000000c2eefe360 mode 2
Event: 1.840 Thread 0x00000134e755c250 Uncommon trap: trap_request=0xffffffde fr.pc=0x00000134f232df78 relative=0x00000000000008b8
Event: 1.840 Thread 0x00000134e755c250 Uncommon trap: reason=class_check action=maybe_recompile pc=0x00000134f232df78 method=java.util.HashMap.putVal(ILjava/lang/Object;Ljava/lang/Object;ZZ)Ljava/lang/Object; @ 253 c2
Event: 1.840 Thread 0x00000134e755c250 DEOPT PACKING pc=0x00000134f232df78 sp=0x0000000c2eefe3d0
Event: 1.840 Thread 0x00000134e755c250 DEOPT UNPACKING pc=0x00000134f1c03aa2 sp=0x0000000c2eefe360 mode 2
Event: 3.616 Thread 0x00000134e755c250 DEOPT PACKING pc=0x00000134ea92e2c3 sp=0x0000000c2eefe640
Event: 3.616 Thread 0x00000134e755c250 DEOPT UNPACKING pc=0x00000134f1c04242 sp=0x0000000c2eefdab8 mode 0

Classes loaded (20 events):
Event: 1.840 Loading class java/util/ConcurrentModificationException
Event: 1.840 Loading class java/util/ConcurrentModificationException done
Event: 1.851 Loading class java/net/ContentHandler
Event: 1.851 Loading class java/net/ContentHandler done
Event: 1.851 Loading class java/net/UrlDeserializedState
Event: 1.852 Loading class java/net/UrlDeserializedState done
Event: 1.852 Loading class java/lang/reflect/InaccessibleObjectException
Event: 1.852 Loading class java/lang/reflect/InaccessibleObjectException done
Event: 1.853 Loading class java/lang/StackWalker$Option
Event: 1.853 Loading class java/lang/StackWalker$Option done
Event: 1.869 Loading class javax/xml/parsers/ParserConfigurationException
Event: 1.869 Loading class javax/xml/parsers/ParserConfigurationException done
Event: 1.872 Loading class java/security/KeyStoreException
Event: 1.872 Loading class java/security/KeyStoreException done
Event: 1.876 Loading class java/lang/Thread$Builder$OfPlatform
Event: 1.876 Loading class java/lang/Thread$Builder
Event: 1.876 Loading class java/lang/Thread$Builder done
Event: 1.876 Loading class java/lang/Thread$Builder$OfPlatform done
Event: 1.876 Loading class java/lang/Thread$Builder$OfVirtual
Event: 1.876 Loading class java/lang/Thread$Builder$OfVirtual done

Classes unloaded (0 events):
No events

Classes redefined (0 events):
No events

Internal exceptions (20 events):
Event: 1.360 Thread 0x00000134e755c250 Exception <a 'java/lang/NoSuchMethodError'{0x00000000d6c308f8}: 'java.lang.ClassLoader java.lang.ClassLoader.getPlatformClassLoader(java.lang.Class)'> (0x00000000d6c308f8) 
thrown [s\src\hotspot\share\interpreter\linkResolver.cpp, line 773]
Event: 1.430 Thread 0x00000134e755c250 Exception <a 'java/lang/ClassNotFoundException'{0x00000000d578e2c8}: sun/net/www/protocol/c/Handler> (0x00000000d578e2c8) 
thrown [s\src\hotspot\share\classfile\systemDictionary.cpp, line 312]
Event: 1.430 Thread 0x00000134e755c250 Exception <a 'java/lang/ClassNotFoundException'{0x00000000d578f668}: sun/net/www/protocol/c/Handler> (0x00000000d578f668) 
thrown [s\src\hotspot\share\classfile\systemDictionary.cpp, line 312]
Event: 1.430 Thread 0x00000134e755c250 Exception <a 'java/lang/ClassNotFoundException'{0x00000000d5790850}: sun/net/www/protocol/c/Handler> (0x00000000d5790850) 
thrown [s\src\hotspot\share\classfile\systemDictionary.cpp, line 312]
Event: 1.439 Thread 0x00000134e755c250 Exception <a 'java/io/FileNotFoundException'{0x00000000d57b8e40}> (0x00000000d57b8e40) 
thrown [s\src\hotspot\share\prims\jni.cpp, line 520]
Event: 1.474 Thread 0x00000134e755c250 Implicit null exception at 0x00000134f235f2a9 to 0x00000134f235fb1c
Event: 1.474 Thread 0x00000134e755c250 Implicit null exception at 0x00000134f236ba1a to 0x00000134f236bc24
Event: 1.474 Thread 0x00000134e755c250 Exception <a 'java/lang/NoSuchMethodError'{0x00000000d58e83a8}: 'void java.lang.invoke.DirectMethodHandle$Holder.invokeStatic(java.lang.Object, java.lang.Object, java.lang.Object, java.lang.Object)'> (0x00000000d58e83a8) 
thrown [s\src\hotspot\share\interpreter\linkResolver.cpp, line 773]
Event: 1.475 Thread 0x00000134e755c250 Implicit null exception at 0x00000134f2361a9a to 0x00000134f2361ca4
Event: 1.475 Thread 0x00000134e755c250 Implicit null exception at 0x00000134f236213d to 0x00000134f23621c1
Event: 1.570 Thread 0x00000134e755c250 Exception <a 'java/lang/NoSuchMethodError'{0x00000000d5daaa78}: 'int java.lang.invoke.DirectMethodHandle$Holder.invokeVirtual(java.lang.Object, java.lang.Object)'> (0x00000000d5daaa78) 
thrown [s\src\hotspot\share\interpreter\linkResolver.cpp, line 773]
Event: 1.766 Thread 0x00000134e755c250 Exception <a 'java/lang/IncompatibleClassChangeError'{0x00000000d67c6e68}: Found class java.lang.Object, but interface was expected> (0x00000000d67c6e68) 
thrown [s\src\hotspot\share\interpreter\linkResolver.cpp, line 840]
Event: 1.767 Thread 0x00000134e755c250 Exception <a 'java/lang/NoSuchMethodError'{0x00000000d67cf908}: 'void java.lang.invoke.DirectMethodHandle$Holder.invokeInterface(java.lang.Object, java.lang.Object, java.lang.Object)'> (0x00000000d67cf908) 
thrown [s\src\hotspot\share\interpreter\linkResolver.cpp, line 773]
Event: 1.789 Thread 0x00000134e755c250 Exception <a 'java/lang/NoSuchMethodError'{0x00000000d698ddc8}: 'int java.lang.invoke.DirectMethodHandle$Holder.invokeStaticInit(java.lang.Object, java.lang.Object, java.lang.Object, java.lang.Object)'> (0x00000000d698ddc8) 
thrown [s\src\hotspot\share\interpreter\linkResolver.cpp, line 773]
Event: 1.790 Thread 0x00000134e755c250 Exception <a 'java/lang/NoSuchMethodError'{0x00000000d6998398}: 'void java.lang.invoke.DirectMethodHandle$Holder.invokeStaticInit(java.lang.Object, java.lang.Object)'> (0x00000000d6998398) 
thrown [s\src\hotspot\share\interpreter\linkResolver.cpp, line 773]
Event: 1.791 Thread 0x00000134e755c250 Exception <a 'java/lang/NoSuchMethodError'{0x00000000d699d7e8}: 'int java.lang.invoke.DirectMethodHandle$Holder.invokeStaticInit(java.lang.Object, java.lang.Object)'> (0x00000000d699d7e8) 
thrown [s\src\hotspot\share\interpreter\linkResolver.cpp, line 773]
Event: 1.828 Thread 0x00000134e755c250 Exception <a 'java/lang/NoSuchMethodError'{0x00000000d6b8e710}: 'java.lang.Object java.lang.invoke.DirectMethodHandle$Holder.newInvokeSpecial(java.lang.Object, int, java.lang.Object)'> (0x00000000d6b8e710) 
thrown [s\src\hotspot\share\interpreter\linkResolver.cpp, line 773]
Event: 1.855 Thread 0x00000134e755c250 Exception <a 'java/lang/ClassNotFoundException'{0x00000000d6d0ad60}: sun/net/www/protocol/plurl/Handler> (0x00000000d6d0ad60) 
thrown [s\src\hotspot\share\classfile\systemDictionary.cpp, line 312]
Event: 1.855 Thread 0x00000134e755c250 Exception <a 'java/lang/ClassNotFoundException'{0x00000000d6d0bbe0}: sun/net/www/protocol/plurl/Handler> (0x00000000d6d0bbe0) 
thrown [s\src\hotspot\share\classfile\systemDictionary.cpp, line 312]
Event: 1.859 Thread 0x00000134e755c250 Exception <a 'java/lang/NoSuchMethodError'{0x00000000d6d4b9f8}: 'void java.lang.invoke.DirectMethodHandle$Holder.invokeSpecial(java.lang.Object, java.lang.Object, java.lang.Object)'> (0x00000000d6d4b9f8) 
thrown [s\src\hotspot\share\interpreter\linkResolver.cpp, line 773]

ZGC Phase Switch (0 events):
No events

VM Operations (20 events):
Event: 0.605 Executing non-safepoint VM operation: HandshakeAllThreads (Deoptimize)
Event: 0.605 Executing non-safepoint VM operation: HandshakeAllThreads (Deoptimize) done
Event: 1.051 Executing non-safepoint VM operation: HandshakeAllThreads (Deoptimize)
Event: 1.051 Executing non-safepoint VM operation: HandshakeAllThreads (Deoptimize) done
Event: 1.071 Executing non-safepoint VM operation: HandshakeAllThreads (Deoptimize)
Event: 1.071 Executing non-safepoint VM operation: HandshakeAllThreads (Deoptimize) done
Event: 1.382 Executing safepoint VM operation: ICBufferFull
Event: 1.382 Executing safepoint VM operation: ICBufferFull done
Event: 1.386 Executing safepoint VM operation: ParallelGCFailedAllocation (Allocation Failure)
Event: 1.393 Executing safepoint VM operation: ParallelGCFailedAllocation (Allocation Failure) done
Event: 1.410 Executing non-safepoint VM operation: HandshakeAllThreads (Deoptimize)
Event: 1.410 Executing non-safepoint VM operation: HandshakeAllThreads (Deoptimize) done
Event: 1.715 Executing non-safepoint VM operation: HandshakeAllThreads (Deoptimize)
Event: 1.715 Executing non-safepoint VM operation: HandshakeAllThreads (Deoptimize) done
Event: 1.810 Executing non-safepoint VM operation: HandshakeAllThreads (Deoptimize)
Event: 1.810 Executing non-safepoint VM operation: HandshakeAllThreads (Deoptimize) done
Event: 1.852 Executing non-safepoint VM operation: HandshakeAllThreads (Deoptimize)
Event: 1.852 Executing non-safepoint VM operation: HandshakeAllThreads (Deoptimize) done
Event: 2.576 Executing safepoint VM operation: ParallelGCFailedAllocation (Allocation Failure)
Event: 2.581 Executing safepoint VM operation: ParallelGCFailedAllocation (Allocation Failure) done

Memory protections (0 events):
No events

Nmethod flushes (0 events):
No events

Events (20 events):
Event: 0.959 Thread 0x00000134ff4f4db0 Thread added: 0x00000134ff7c8420
Event: 0.974 Thread 0x00000134ff7ca630 Thread added: 0x00000134ff7c91c0
Event: 1.049 Thread 0x00000134ff588780 Thread added: 0x00000134ff7c6fb0
Event: 1.067 Thread 0x00000134ff4f4db0 Thread added: 0x00000134ff7c7680
Event: 1.243 Thread 0x00000134ff7c7680 Thread exited: 0x00000134ff7c7680
Event: 1.269 Thread 0x00000134ff7c6fb0 Thread exited: 0x00000134ff7c6fb0
Event: 1.270 Thread 0x00000134ff7c91c0 Thread exited: 0x00000134ff7c91c0
Event: 1.594 Thread 0x00000134ff4f4db0 Thread added: 0x00000134ff7c9890
Event: 1.755 Thread 0x00000134e755c250 Thread added: 0x00000134ff4d9470
Event: 1.756 Thread 0x00000134ff4d9470 Thread added: 0x00000134ff4daeb0
Event: 1.759 Thread 0x00000134e755c250 Thread added: 0x00000134ff4db540
Event: 1.761 Thread 0x00000134e755c250 Thread added: 0x00000134ff4dbbd0
Event: 1.762 Thread 0x00000134e755c250 Thread added: 0x00000134ff4d8750
Event: 1.764 Thread 0x00000134e755c250 Thread added: 0x00000134ff4d8de0
Event: 1.799 Thread 0x00000134e755c250 Thread added: 0x00000134c68c9520
Event: 2.120 Thread 0x00000134ff7c9890 Thread exited: 0x00000134ff7c9890
Event: 2.137 Thread 0x00000134ff7c8420 Thread exited: 0x00000134ff7c8420
Event: 3.171 Thread 0x00000134ff7ca630 Thread exited: 0x00000134ff7ca630
Event: 3.172 Thread 0x00000134ff7c0df0 Thread exited: 0x00000134ff7c0df0
Event: 3.717 Thread 0x00000134ff588780 Thread exited: 0x00000134ff588780


Dynamic libraries:
0x00007ff7c17c0000 - 0x00007ff7c17ce000 	c:\Users\gaana\.vscode\extensions\redhat.java-1.54.0-win32-x64\jre\21.0.10-win32-x86_64\bin\java.exe
0x00007ffae3560000 - 0x00007ffae37c7000 	C:\WINDOWS\SYSTEM32\ntdll.dll
0x00007ffae1b20000 - 0x00007ffae1be9000 	C:\WINDOWS\System32\KERNEL32.DLL
0x00007ffadfee0000 - 0x00007ffae02d4000 	C:\WINDOWS\System32\KERNELBASE.dll
0x00007ffae11a0000 - 0x00007ffae12eb000 	C:\WINDOWS\System32\ucrtbase.dll
0x00007ffaba7c0000 - 0x00007ffaba7de000 	c:\Users\gaana\.vscode\extensions\redhat.java-1.54.0-win32-x64\jre\21.0.10-win32-x86_64\bin\VCRUNTIME140.dll
0x00007ffaba760000 - 0x00007ffaba778000 	c:\Users\gaana\.vscode\extensions\redhat.java-1.54.0-win32-x64\jre\21.0.10-win32-x86_64\bin\jli.dll
0x00007ffae1bf0000 - 0x00007ffae1db5000 	C:\WINDOWS\System32\USER32.dll
0x00007ffac54e0000 - 0x00007ffac5773000 	C:\WINDOWS\WinSxS\amd64_microsoft.windows.common-controls_6595b64144ccf1df_6.0.26100.8115_none_3e075c82e3354f9c\COMCTL32.dll
0x00007ffae0dd0000 - 0x00007ffae0df7000 	C:\WINDOWS\System32\win32u.dll
0x00007ffae1470000 - 0x00007ffae149b000 	C:\WINDOWS\System32\GDI32.dll
0x00007ffae2b30000 - 0x00007ffae2bd9000 	C:\WINDOWS\System32\msvcrt.dll
0x00007ffae0b50000 - 0x00007ffae0c7b000 	C:\WINDOWS\System32\gdi32full.dll
0x00007ffae0f80000 - 0x00007ffae1023000 	C:\WINDOWS\System32\msvcp_win.dll
0x00007ffae2730000 - 0x00007ffae2762000 	C:\WINDOWS\System32\IMM32.DLL
0x00007ffac70d0000 - 0x00007ffac70dc000 	c:\Users\gaana\.vscode\extensions\redhat.java-1.54.0-win32-x64\jre\21.0.10-win32-x86_64\bin\vcruntime140_1.dll
0x00007ffa6de90000 - 0x00007ffa6df1d000 	c:\Users\gaana\.vscode\extensions\redhat.java-1.54.0-win32-x64\jre\21.0.10-win32-x86_64\bin\msvcp140.dll
0x00007ffa1b9b0000 - 0x00007ffa1c751000 	c:\Users\gaana\.vscode\extensions\redhat.java-1.54.0-win32-x64\jre\21.0.10-win32-x86_64\bin\server\jvm.dll
0x00007ffae2c00000 - 0x00007ffae2cb6000 	C:\WINDOWS\System32\ADVAPI32.dll
0x00007ffae13c0000 - 0x00007ffae1467000 	C:\WINDOWS\System32\sechost.dll
0x00007ffae2770000 - 0x00007ffae2888000 	C:\WINDOWS\System32\RPCRT4.dll
0x00007ffae2890000 - 0x00007ffae2910000 	C:\WINDOWS\System32\WS2_32.dll
0x00007ffadfcb0000 - 0x00007ffadfd0e000 	C:\WINDOWS\SYSTEM32\POWRPROF.dll
0x00007ffad8b60000 - 0x00007ffad8b6b000 	C:\WINDOWS\SYSTEM32\VERSION.dll
0x00007ffad59e0000 - 0x00007ffad5a16000 	C:\WINDOWS\SYSTEM32\WINMM.dll
0x00007ffadfc90000 - 0x00007ffadfca4000 	C:\WINDOWS\SYSTEM32\UMPDC.dll
0x00007ffadeb90000 - 0x00007ffadebab000 	C:\WINDOWS\SYSTEM32\kernel.appcore.dll
0x00007ffac3960000 - 0x00007ffac396a000 	c:\Users\gaana\.vscode\extensions\redhat.java-1.54.0-win32-x64\jre\21.0.10-win32-x86_64\bin\jimage.dll
0x00007ffaddc60000 - 0x00007ffaddea2000 	C:\WINDOWS\SYSTEM32\DBGHELP.DLL
0x00007ffae1e10000 - 0x00007ffae2192000 	C:\WINDOWS\System32\combase.dll
0x00007ffae1940000 - 0x00007ffae1a18000 	C:\WINDOWS\System32\OLEAUT32.dll
0x00007ffac5b50000 - 0x00007ffac5b8b000 	C:\WINDOWS\SYSTEM32\dbgcore.DLL
0x00007ffadfe30000 - 0x00007ffadfed5000 	C:\WINDOWS\System32\bcryptPrimitives.dll
0x00007ffac3940000 - 0x00007ffac394f000 	c:\Users\gaana\.vscode\extensions\redhat.java-1.54.0-win32-x64\jre\21.0.10-win32-x86_64\bin\instrument.dll
0x00007ffab9110000 - 0x00007ffab9130000 	c:\Users\gaana\.vscode\extensions\redhat.java-1.54.0-win32-x64\jre\21.0.10-win32-x86_64\bin\java.dll
0x00007ffae2d30000 - 0x00007ffae3497000 	C:\WINDOWS\System32\SHELL32.dll
0x00007ffae1030000 - 0x00007ffae119a000 	C:\WINDOWS\System32\wintypes.dll
0x00007ffae02e0000 - 0x00007ffae0b48000 	C:\WINDOWS\System32\windows.storage.dll
0x00007ffae1a20000 - 0x00007ffae1b18000 	C:\WINDOWS\System32\SHCORE.dll
0x00007ffae2cc0000 - 0x00007ffae2d26000 	C:\WINDOWS\System32\shlwapi.dll
0x00007ffadfd50000 - 0x00007ffadfd79000 	C:\WINDOWS\SYSTEM32\profapi.dll
0x00007ffab5380000 - 0x00007ffab5398000 	c:\Users\gaana\.vscode\extensions\redhat.java-1.54.0-win32-x64\jre\21.0.10-win32-x86_64\bin\zip.dll
0x00007ffabb8f0000 - 0x00007ffabb900000 	C:\Users\gaana\.vscode\extensions\redhat.java-1.54.0-win32-x64\jre\21.0.10-win32-x86_64\bin\net.dll
0x00007ffad9e80000 - 0x00007ffad9fad000 	C:\WINDOWS\SYSTEM32\WINHTTP.dll
0x00007ffadf130000 - 0x00007ffadf19c000 	C:\WINDOWS\system32\mswsock.dll
0x00007ffab4de0000 - 0x00007ffab4df6000 	C:\Users\gaana\.vscode\extensions\redhat.java-1.54.0-win32-x64\jre\21.0.10-win32-x86_64\bin\nio.dll
0x00007ffaba7b0000 - 0x00007ffaba7c0000 	c:\Users\gaana\.vscode\extensions\redhat.java-1.54.0-win32-x64\jre\21.0.10-win32-x86_64\bin\verify.dll

JVMTI agents:
c:\Users\gaana\.vscode\extensions\redhat.java-1.54.0-win32-x64\lombok\lombok-1.18.39-4050.jar path:c:\Users\gaana\.vscode\extensions\redhat.java-1.54.0-win32-x64\jre\21.0.10-win32-x86_64\bin\instrument.dll, loaded, initialized, instrumentlib options:none

dbghelp: loaded successfully - version: 4.0.5 - missing functions: none
symbol engine: initialized successfully - sym options: 0x614 - pdb path: .;c:\Users\gaana\.vscode\extensions\redhat.java-1.54.0-win32-x64\jre\21.0.10-win32-x86_64\bin;C:\WINDOWS\SYSTEM32;C:\WINDOWS\WinSxS\amd64_microsoft.windows.common-controls_6595b64144ccf1df_6.0.26100.8115_none_3e075c82e3354f9c;c:\Users\gaana\.vscode\extensions\redhat.java-1.54.0-win32-x64\jre\21.0.10-win32-x86_64\bin\server

VM Arguments:
jvm_args: --add-modules=ALL-SYSTEM --add-opens=java.base/java.util=ALL-UNNAMED --add-opens=java.base/java.lang=ALL-UNNAMED --add-opens=java.base/sun.nio.fs=ALL-UNNAMED -Declipse.application=org.eclipse.jdt.ls.core.id1 -Dosgi.bundles.defaultStartLevel=4 -Declipse.product=org.eclipse.jdt.ls.core.product -Djava.import.generatesMetadataFilesAtProjectRoot=false -DDetectVMInstallationsJob.disabled=true -Dfile.encoding=utf8 -XX:+UseParallelGC -XX:GCTimeRatio=4 -XX:AdaptiveSizePolicyWeight=90 -Dsun.zip.disableMemoryMapping=true -Xmx2G -Xms100m -Xlog:disable -javaagent:c:\Users\gaana\.vscode\extensions\redhat.java-1.54.0-win32-x64\lombok\lombok-1.18.39-4050.jar 
java_command: c:\Users\gaana\.vscode\extensions\redhat.java-1.54.0-win32-x64\server\plugins\org.eclipse.equinox.launcher_1.7.100.v20251111-0406.jar -configuration c:\Users\gaana\AppData\Roaming\Code\User\globalStorage\redhat.java\1.54.0\config_ss_win -data c:\Users\gaana\AppData\Roaming\Code\User\workspaceStorage\8df9088b493f32a0263a46daa3adb40f\redhat.java\ss_ws --pipe=\\.\pipe\lsp-0be26ace472e8539eb04d1f7ea298c8a-sock
java_class_path (initial): c:\Users\gaana\.vscode\extensions\redhat.java-1.54.0-win32-x64\server\plugins\org.eclipse.equinox.launcher_1.7.100.v20251111-0406.jar
Launcher Type: SUN_STANDARD

[Global flags]
    uintx AdaptiveSizePolicyWeight                 = 90                                        {product} {command line}
     intx CICompilerCount                          = 12                                        {product} {ergonomic}
    uintx GCTimeRatio                              = 4                                         {product} {command line}
   size_t InitialHeapSize                          = 104857600                                 {product} {command line}
   size_t MaxHeapSize                              = 2147483648                                {product} {command line}
   size_t MaxNewSize                               = 715653120                                 {product} {ergonomic}
   size_t MinHeapDeltaBytes                        = 524288                                    {product} {ergonomic}
   size_t MinHeapSize                              = 104857600                                 {product} {command line}
   size_t NewSize                                  = 34603008                                  {product} {ergonomic}
    uintx NonNMethodCodeHeapSize                   = 7602480                                {pd product} {ergonomic}
    uintx NonProfiledCodeHeapSize                  = 122027880                              {pd product} {ergonomic}
   size_t OldSize                                  = 70254592                                  {product} {ergonomic}
    uintx ProfiledCodeHeapSize                     = 122027880                              {pd product} {ergonomic}
    uintx ReservedCodeCacheSize                    = 251658240                              {pd product} {ergonomic}
     bool SegmentedCodeCache                       = true                                      {product} {ergonomic}
   size_t SoftMaxHeapSize                          = 2147483648                             {manageable} {ergonomic}
     bool UseCompressedOops                        = true                           {product lp64_product} {ergonomic}
     bool UseLargePagesIndividualAllocation        = false                                  {pd product} {ergonomic}
     bool UseParallelGC                            = true                                      {product} {command line}

Logging:
Log output configuration:
 #0: stdout all=off uptime,level,tags foldmultilines=false
 #1: stderr all=off uptime,level,tags foldmultilines=false

Release file:
JAVA_VERSION="21.0.10" 
MODULES="java.base java.compiler java.datatransfer java.xml java.prefs java.desktop java.instrument java.logging java.management java.security.sasl java.naming java.rmi java.management.rmi java.net.http java.scripting java.security.jgss java.transaction.xa java.sql java.sql.rowset java.xml.crypto java.se java.smartcardio jdk.accessibility jdk.internal.jvmstat jdk.attach jdk.charsets jdk.internal.opt jdk.zipfs jdk.compiler jdk.crypto.ec jdk.crypto.cryptoki jdk.crypto.mscapi jdk.dynalink jdk.internal.ed jdk.editpad jdk.hotspot.agent jdk.httpserver jdk.internal.le jdk.internal.vm.ci jdk.internal.vm.compiler jdk.internal.vm.compiler.management jdk.jartool jdk.javadoc jdk.jcmd jdk.management jdk.management.agent jdk.jconsole jdk.jdeps jdk.jdwp.agent jdk.jdi jdk.jfr jdk.jshell jdk.jsobject jdk.jstatd jdk.localedata jdk.management.jfr jdk.naming.dns jdk.naming.rmi jdk.net jdk.nio.mapmode jdk.random jdk.sctp jdk.security.auth jdk.security.jgss jdk.unsupported jdk.unsupported.desktop jdk.xml.dom" 

Environment Variables:
PATH=C:\Users\gaana\AppData\Local\Programs\Microsoft VS Code;C:\Python313\Scripts\;C:\Python313\;C:\Program Files\Common Files\Oracle\Java\javapath;D:\app\gaana\product\11.1.0\db_1\bin;C:\windows\system32;C:\windows;C:\windows\System32\Wbem;C:\windows\System32\WindowsPowerShell\v1.0\;C:\windows\System32\OpenSSH\;C:\Program Files (x86)\NVIDIA Corporation\PhysX\Common;C:\Program Files\NVIDIA Corporation\NVIDIA NvDLISR;C:\WINDOWS\system32;C:\WINDOWS;C:\WINDOWS\System32\Wbem;C:\WINDOWS\System32\WindowsPowerShell\v1.0\;C:\WINDOWS\System32\OpenSSH\;C:\ProgramData\chocolatey\bin;C:\Program Files\nodejs\;C:\Program Files\Git\cmd;C:\Users\gaana\AppData\Local\Programs\Python\Launcher\;C:\Users\gaana\AppData\Local\Programs\Python\Python310\Scripts\;C:\Users\gaana\AppData\Local\Programs\Python\Python310\;c:\Program Files\node.js\;C:\Users\gaana\AppData\Roaming\npm;C:\Users\gaana\AppData\Local\Programs\Microsoft VS Code\bin;C:\Users\gaana\Downloads\python-3.10.0-amd64.exe;
USERNAME=gaana
OS=Windows_NT
PROCESSOR_IDENTIFIER=AMD64 Family 25 Model 68 Stepping 1, AuthenticAMD
TMP=C:\Users\gaana\AppData\Local\Temp
TEMP=C:\Users\gaana\AppData\Local\Temp




Periodic native trim disabled

---------------  S Y S T E M  ---------------

OS:
 Windows 11 , 64 bit Build 26100 (10.0.26100.8246)
OS uptime: 0 days 2:41 hours
Hyper-V role detected

CPU: total 16 (initial active 16) (16 cores per cpu, 2 threads per core) family 25 model 68 stepping 1 microcode 0xa404102, cx8, cmov, fxsr, ht, mmx, 3dnowpref, sse, sse2, sse3, ssse3, sse4a, sse4.1, sse4.2, popcnt, lzcnt, tsc, tscinvbit, avx, avx2, aes, erms, clmul, bmi1, bmi2, adx, sha, fma, vzeroupper, clflush, clflushopt, hv, rdtscp, rdpid, fsrm, f16c, cet_ss
Processor Information for the first 16 processors :
  Max Mhz: 3201, Current Mhz: 2508, Mhz Limit: 3201

Memory: 4k page, system-wide physical 15573M (2656M free)
TotalPageFile size 18227M (AvailPageFile size 116M)
current process WorkingSet (physical memory assigned to process): 88M, peak: 96M
current process commit charge ("private bytes"): 251M, peak: 260M

vm_info: OpenJDK 64-Bit Server VM (21.0.10+7-LTS) for windows-amd64 JRE (21.0.10+7-LTS), built on 2026-01-20T00:00:00Z by "admin" with MS VC++ 17.12 (VS2022)

END.
