#
# There is insufficient memory for the Java Runtime Environment to continue.
# Native memory allocation (malloc) failed to allocate 1522896 bytes. Error detail: Chunk::new
# Possible reasons:
#   The system is out of physical RAM or swap space
#   This process is running with CompressedOops enabled, and the Java Heap may be blocking the growth of the native heap
# Possible solutions:
#   Reduce memory load on the system
#   Increase physical memory or swap space
#   Check if swap backing store is full
#   Decrease Java heap size (-Xmx/-Xms)
#   Decrease number of Java threads
#   Decrease Java thread stack sizes (-Xss)
#   Set larger code cache with -XX:ReservedCodeCacheSize=
#   JVM is running with Unscaled Compressed Oops mode in which the Java heap is
#     placed in the first 4GB address space. The Java Heap base address is the
#     maximum limit for the native heap growth. Please use -XX:HeapBaseMinAddress
#     to set the Java Heap base and to place the Java Heap above 4GB virtual address.
# This output file may be truncated or incomplete.
#
#  Out of Memory Error (arena.cpp:168), pid=704, tid=23600
#
# JRE version: OpenJDK Runtime Environment Temurin-21.0.10+7 (21.0.10+7) (build 21.0.10+7-LTS)
# Java VM: OpenJDK 64-Bit Server VM Temurin-21.0.10+7 (21.0.10+7-LTS, mixed mode, sharing, tiered, compressed oops, compressed class ptrs, parallel gc, windows-amd64)
# No core dump will be written. Minidumps are not enabled by default on client versions of Windows
#

---------------  S U M M A R Y ------------

Command Line: --add-modules=ALL-SYSTEM --add-opens=java.base/java.util=ALL-UNNAMED --add-opens=java.base/java.lang=ALL-UNNAMED --add-opens=java.base/sun.nio.fs=ALL-UNNAMED -Declipse.application=org.eclipse.jdt.ls.core.id1 -Dosgi.bundles.defaultStartLevel=4 -Declipse.product=org.eclipse.jdt.ls.core.product -Djava.import.generatesMetadataFilesAtProjectRoot=false -DDetectVMInstallationsJob.disabled=true -Dfile.encoding=utf8 -XX:+UseParallelGC -XX:GCTimeRatio=4 -XX:AdaptiveSizePolicyWeight=90 -Dsun.zip.disableMemoryMapping=true -Xmx2G -Xms100m -Xlog:disable -javaagent:c:\Users\gaana\.vscode\extensions\redhat.java-1.54.0-win32-x64\lombok\lombok-1.18.39-4050.jar c:\Users\gaana\.vscode\extensions\redhat.java-1.54.0-win32-x64\server\plugins\org.eclipse.equinox.launcher_1.7.100.v20251111-0406.jar -configuration c:\Users\gaana\AppData\Roaming\Code\User\globalStorage\redhat.java\1.54.0\config_ss_win -data c:\Users\gaana\AppData\Roaming\Code\User\workspaceStorage\8df9088b493f32a0263a46daa3adb40f\redhat.java\ss_ws --pipe=\\.\pipe\lsp-a640619d3feba0b15d94eefedf66d154-sock

Host: AMD Ryzen 7 6800H with Radeon Graphics         , 16 cores, 15G,  Windows 11 , 64 bit Build 26100 (10.0.26100.8246)
Time: Mon May 11 13:47:06 2026 India Standard Time elapsed time: 7.990394 seconds (0d 0h 0m 7s)

---------------  T H R E A D  ---------------

Current thread (0x00000227f8b36960):  JavaThread "C2 CompilerThread0" daemon [_thread_in_native, id=23600, stack(0x000000b33a100000,0x000000b33a200000) (1024K)]


Current CompileTask:
C2:7990 4648       4       org.eclipse.osgi.internal.loader.BundleLoader::addExportedProvidersFor (167 bytes)

Stack: [0x000000b33a100000,0x000000b33a200000]
Native frames: (J=compiled Java code, j=interpreted, Vv=VM code, C=native code)
V  [jvm.dll+0x6d7a39]
V  [jvm.dll+0x8b4b26]
V  [jvm.dll+0x8b70de]
V  [jvm.dll+0x8b77c3]
V  [jvm.dll+0x284346]
V  [jvm.dll+0xc66ed]
V  [jvm.dll+0xc6c31]
V  [jvm.dll+0x3bec01]
V  [jvm.dll+0x1e3f69]
V  [jvm.dll+0x24c6b3]
V  [jvm.dll+0x24bb40]
V  [jvm.dll+0x1cb34e]
V  [jvm.dll+0x25b85d]
V  [jvm.dll+0x259dea]
V  [jvm.dll+0x3f857e]
V  [jvm.dll+0x85f59d]
V  [jvm.dll+0x6d626d]
C  [ucrtbase.dll+0x37b0]
C  [KERNEL32.DLL+0x2e8d7]
C  [ntdll.dll+0x8c3fc]


---------------  P R O C E S S  ---------------

Threads class SMR info:
_java_thread_list=0x00000227820a18d0, length=69, elements={
0x000002279dbcbe30, 0x00000227f8b18390, 0x00000227f8b18f90, 0x00000227f8b1c570,
0x00000227f8b1f660, 0x00000227f8b28ac0, 0x00000227f8b31fb0, 0x00000227f8b36960,
0x00000227f8b37860, 0x00000227f8c01a20, 0x00000227f8c020d0, 0x00000227f8e044a0,
0x00000227f8e284b0, 0x00000227f8e9e8c0, 0x00000227ff54a750, 0x00000227fa9e0350,
0x00000227fa9e0dd0, 0x00000227ff551ac0, 0x00000227ff182ad0, 0x00000227fa472ae0,
0x00000227fa9713f0, 0x00000227fa92d7c0, 0x00000227fa92d130, 0x00000227fa92c410,
0x00000227fa92e4e0, 0x00000227fa92b6f0, 0x00000227fa92de50, 0x00000227fa92caa0,
0x00000227fa92eb70, 0x00000227fa92bd80, 0x00000227ff8336b0, 0x00000227ff8364a0,
0x00000227ff8343d0, 0x00000227ff835e10, 0x00000227ff833020, 0x00000227ff833d40,
0x00000227ffd20020, 0x00000227ff8371c0, 0x00000227ff837850, 0x00000227ff837ee0,
0x00000227ff835780, 0x00000227ff838570, 0x00000227ff8350f0, 0x00000227ff839fb0,
0x00000227ff83a640, 0x00000227ff838c00, 0x00000227ff839920, 0x00000227ff839290,
0x000002278095cbd0, 0x000002278095ab00, 0x000002278095b190, 0x000002278095b820,
0x000002278095c540, 0x000002278095d8f0, 0x000002278095a470, 0x000002278095d260,
0x000002278095beb0, 0x00000227805ec720, 0x00000227805e9fc0, 0x00000227805eb370,
0x000002278110c450, 0x00000227805eba00, 0x00000227805ea650, 0x00000227805ed440,
0x00000227809b01e0, 0x00000227ff53d230, 0x00000227ff5ce2b0, 0x00000227ff05bef0,
0x00000227ffb23de0
}

Java Threads: ( => current thread )
  0x000002279dbcbe30 JavaThread "main"                              [_thread_blocked, id=11900, stack(0x000000b339700000,0x000000b339800000) (1024K)]
  0x00000227f8b18390 JavaThread "Reference Handler"          daemon [_thread_blocked, id=24208, stack(0x000000b339b00000,0x000000b339c00000) (1024K)]
  0x00000227f8b18f90 JavaThread "Finalizer"                  daemon [_thread_blocked, id=23132, stack(0x000000b339c00000,0x000000b339d00000) (1024K)]
  0x00000227f8b1c570 JavaThread "Signal Dispatcher"          daemon [_thread_blocked, id=22460, stack(0x000000b339d00000,0x000000b339e00000) (1024K)]
  0x00000227f8b1f660 JavaThread "Attach Listener"            daemon [_thread_blocked, id=10168, stack(0x000000b339e00000,0x000000b339f00000) (1024K)]
  0x00000227f8b28ac0 JavaThread "Service Thread"             daemon [_thread_blocked, id=24324, stack(0x000000b339f00000,0x000000b33a000000) (1024K)]
  0x00000227f8b31fb0 JavaThread "Monitor Deflation Thread"   daemon [_thread_blocked, id=27292, stack(0x000000b33a000000,0x000000b33a100000) (1024K)]
=>0x00000227f8b36960 JavaThread "C2 CompilerThread0"         daemon [_thread_in_native, id=23600, stack(0x000000b33a100000,0x000000b33a200000) (1024K)]
  0x00000227f8b37860 JavaThread "C1 CompilerThread0"         daemon [_thread_in_native, id=13460, stack(0x000000b33a200000,0x000000b33a300000) (1024K)]
  0x00000227f8c01a20 JavaThread "C1 CompilerThread1"         daemon [_thread_blocked, id=5280, stack(0x000000b33a300000,0x000000b33a400000) (1024K)]
  0x00000227f8c020d0 JavaThread "C1 CompilerThread2"         daemon [_thread_blocked, id=6620, stack(0x000000b33a400000,0x000000b33a500000) (1024K)]
  0x00000227f8e044a0 JavaThread "Common-Cleaner"             daemon [_thread_blocked, id=19100, stack(0x000000b33a600000,0x000000b33a700000) (1024K)]
  0x00000227f8e284b0 JavaThread "C1 CompilerThread3"         daemon [_thread_blocked, id=14416, stack(0x000000b33a700000,0x000000b33a800000) (1024K)]
  0x00000227f8e9e8c0 JavaThread "Notification Thread"        daemon [_thread_blocked, id=12588, stack(0x000000b33a800000,0x000000b33a900000) (1024K)]
  0x00000227ff54a750 JavaThread "Equinox resolver thread - Equinox Container: 9d8c51ad-ae56-41a6-947b-29b0e1605353" daemon [_thread_blocked, id=27284, stack(0x000000b33b100000,0x000000b33b200000) (1024K)]
  0x00000227fa9e0350 JavaThread "Equinox resolver thread - Equinox Container: 9d8c51ad-ae56-41a6-947b-29b0e1605353" daemon [_thread_blocked, id=27536, stack(0x000000b33b200000,0x000000b33b300000) (1024K)]
  0x00000227fa9e0dd0 JavaThread "Equinox resolver thread - Equinox Container: 9d8c51ad-ae56-41a6-947b-29b0e1605353" daemon [_thread_blocked, id=19068, stack(0x000000b33b300000,0x000000b33b400000) (1024K)]
  0x00000227ff551ac0 JavaThread "Equinox resolver thread - Equinox Container: 9d8c51ad-ae56-41a6-947b-29b0e1605353" daemon [_thread_blocked, id=26824, stack(0x000000b33b400000,0x000000b33b500000) (1024K)]
  0x00000227ff182ad0 JavaThread "Equinox resolver thread - Equinox Container: 9d8c51ad-ae56-41a6-947b-29b0e1605353" daemon [_thread_blocked, id=15780, stack(0x000000b33b500000,0x000000b33b600000) (1024K)]
  0x00000227fa472ae0 JavaThread "Equinox resolver thread - Equinox Container: 9d8c51ad-ae56-41a6-947b-29b0e1605353" daemon [_thread_blocked, id=10740, stack(0x000000b33b600000,0x000000b33b700000) (1024K)]
  0x00000227fa9713f0 JavaThread "Active Thread: Equinox Container: 9d8c51ad-ae56-41a6-947b-29b0e1605353"        [_thread_blocked, id=4944, stack(0x000000b33b700000,0x000000b33b800000) (1024K)]
  0x00000227fa92d7c0 JavaThread "Framework Event Dispatcher: Equinox Container: 9d8c51ad-ae56-41a6-947b-29b0e1605353" daemon [_thread_blocked, id=15336, stack(0x000000b33a500000,0x000000b33a600000) (1024K)]
  0x00000227fa92d130 JavaThread "Start Level: Equinox Container: 9d8c51ad-ae56-41a6-947b-29b0e1605353" daemon [_thread_blocked, id=25760, stack(0x000000b33a900000,0x000000b33aa00000) (1024K)]
  0x00000227fa92c410 JavaThread "Refresh Thread: Equinox Container: 9d8c51ad-ae56-41a6-947b-29b0e1605353" daemon [_thread_blocked, id=27576, stack(0x000000b33bb00000,0x000000b33bc00000) (1024K)]
  0x00000227fa92e4e0 JavaThread "Equinox resolver thread - Equinox Container: 9d8c51ad-ae56-41a6-947b-29b0e1605353" daemon [_thread_blocked, id=13504, stack(0x000000b33bc00000,0x000000b33bd00000) (1024K)]
  0x00000227fa92b6f0 JavaThread "Equinox resolver thread - Equinox Container: 9d8c51ad-ae56-41a6-947b-29b0e1605353" daemon [_thread_blocked, id=26380, stack(0x000000b33bd00000,0x000000b33be00000) (1024K)]
  0x00000227fa92de50 JavaThread "Equinox resolver thread - Equinox Container: 9d8c51ad-ae56-41a6-947b-29b0e1605353" daemon [_thread_blocked, id=16636, stack(0x000000b33be00000,0x000000b33bf00000) (1024K)]
  0x00000227fa92caa0 JavaThread "Equinox resolver thread - Equinox Container: 9d8c51ad-ae56-41a6-947b-29b0e1605353" daemon [_thread_blocked, id=26884, stack(0x000000b33bf00000,0x000000b33c000000) (1024K)]
  0x00000227fa92eb70 JavaThread "Equinox resolver thread - Equinox Container: 9d8c51ad-ae56-41a6-947b-29b0e1605353" daemon [_thread_blocked, id=2552, stack(0x000000b33c000000,0x000000b33c100000) (1024K)]
  0x00000227fa92bd80 JavaThread "Equinox resolver thread - Equinox Container: 9d8c51ad-ae56-41a6-947b-29b0e1605353" daemon [_thread_blocked, id=26720, stack(0x000000b33c100000,0x000000b33c200000) (1024K)]
  0x00000227ff8336b0 JavaThread "Equinox resolver thread - Equinox Container: 9d8c51ad-ae56-41a6-947b-29b0e1605353" daemon [_thread_blocked, id=25840, stack(0x000000b33c200000,0x000000b33c300000) (1024K)]
  0x00000227ff8364a0 JavaThread "Equinox resolver thread - Equinox Container: 9d8c51ad-ae56-41a6-947b-29b0e1605353" daemon [_thread_blocked, id=25832, stack(0x000000b33c300000,0x000000b33c400000) (1024K)]
  0x00000227ff8343d0 JavaThread "Equinox resolver thread - Equinox Container: 9d8c51ad-ae56-41a6-947b-29b0e1605353" daemon [_thread_blocked, id=23512, stack(0x000000b33c400000,0x000000b33c500000) (1024K)]
  0x00000227ff835e10 JavaThread "Equinox resolver thread - Equinox Container: 9d8c51ad-ae56-41a6-947b-29b0e1605353" daemon [_thread_blocked, id=10172, stack(0x000000b33c500000,0x000000b33c600000) (1024K)]
  0x00000227ff833020 JavaThread "SCR Component Actor"        daemon [_thread_blocked, id=4148, stack(0x000000b33c800000,0x000000b33c900000) (1024K)]
  0x00000227ff833d40 JavaThread "Worker-JM"                         [_thread_blocked, id=22952, stack(0x000000b33ca00000,0x000000b33cb00000) (1024K)]
  0x00000227ffd20020 JavaThread "C2 CompilerThread1"         daemon [_thread_in_native, id=25724, stack(0x000000b33aa00000,0x000000b33ab00000) (1024K)]
  0x00000227ff8371c0 JavaThread "Worker-0"                          [_thread_blocked, id=5716, stack(0x000000b33ba00000,0x000000b33bb00000) (1024K)]
  0x00000227ff837850 JavaThread "Worker-1"                          [_thread_blocked, id=19460, stack(0x000000b33cb00000,0x000000b33cc00000) (1024K)]
  0x00000227ff837ee0 JavaThread "JNA Cleaner"                daemon [_thread_blocked, id=26220, stack(0x000000b33ce00000,0x000000b33cf00000) (1024K)]
  0x00000227ff835780 JavaThread "Thread-1"                   daemon [_thread_in_native, id=25704, stack(0x000000b33d000000,0x000000b33d100000) (1024K)]
  0x00000227ff838570 JavaThread "Thread-2"                   daemon [_thread_in_native, id=17540, stack(0x000000b33d100000,0x000000b33d200000) (1024K)]
  0x00000227ff8350f0 JavaThread "Thread-3"                   daemon [_thread_in_native, id=26716, stack(0x000000b33d200000,0x000000b33d300000) (1024K)]
  0x00000227ff839fb0 JavaThread "Thread-4"                   daemon [_thread_in_native, id=27616, stack(0x000000b33d300000,0x000000b33d400000) (1024K)]
  0x00000227ff83a640 JavaThread "Thread-5"                   daemon [_thread_in_native, id=26964, stack(0x000000b33d400000,0x000000b33d500000) (1024K)]
  0x00000227ff838c00 JavaThread "Thread-6"                   daemon [_thread_in_native, id=27192, stack(0x000000b33d500000,0x000000b33d600000) (1024K)]
  0x00000227ff839920 JavaThread "Thread-7"                   daemon [_thread_in_native, id=14204, stack(0x000000b33d600000,0x000000b33d700000) (1024K)]
  0x00000227ff839290 JavaThread "Thread-8"                   daemon [_thread_in_native, id=6076, stack(0x000000b33d700000,0x000000b33d800000) (1024K)]
  0x000002278095cbd0 JavaThread "Thread-9"                   daemon [_thread_in_native, id=5644, stack(0x000000b33d800000,0x000000b33d900000) (1024K)]
  0x000002278095ab00 JavaThread "Thread-10"                  daemon [_thread_in_native, id=7384, stack(0x000000b33d900000,0x000000b33da00000) (1024K)]
  0x000002278095b190 JavaThread "Thread-11"                  daemon [_thread_in_native, id=6836, stack(0x000000b33da00000,0x000000b33db00000) (1024K)]
  0x000002278095b820 JavaThread "Thread-12"                  daemon [_thread_in_native, id=10220, stack(0x000000b33db00000,0x000000b33dc00000) (1024K)]
  0x000002278095c540 JavaThread "Thread-13"                  daemon [_thread_in_native, id=16100, stack(0x000000b33dc00000,0x000000b33dd00000) (1024K)]
  0x000002278095d8f0 JavaThread "Thread-14"                  daemon [_thread_in_native, id=21924, stack(0x000000b33dd00000,0x000000b33de00000) (1024K)]
  0x000002278095a470 JavaThread "Thread-15"                  daemon [_thread_in_native, id=15792, stack(0x000000b33de00000,0x000000b33df00000) (1024K)]
  0x000002278095d260 JavaThread "Thread-16"                  daemon [_thread_in_native, id=24456, stack(0x000000b33df00000,0x000000b33e000000) (1024K)]
  0x000002278095beb0 JavaThread "Thread-17"                  daemon [_thread_in_native, id=11292, stack(0x000000b33e000000,0x000000b33e100000) (1024K)]
  0x00000227805ec720 JavaThread "pool-2-thread-1"                   [_thread_blocked, id=21300, stack(0x000000b33e100000,0x000000b33e200000) (1024K)]
  0x00000227805e9fc0 JavaThread "WorkspaceEventsHandler"            [_thread_blocked, id=26548, stack(0x000000b33e200000,0x000000b33e300000) (1024K)]
  0x00000227805eb370 JavaThread "pool-1-thread-1"                   [_thread_in_Java, id=16436, stack(0x000000b33e300000,0x000000b33e400000) (1024K)]
  0x000002278110c450 JavaThread "C2 CompilerThread2"         daemon [_thread_in_native, id=12724, stack(0x000000b33e400000,0x000000b33e500000) (1024K)]
  0x00000227805eba00 JavaThread "Worker-2"                          [_thread_blocked, id=25288, stack(0x000000b33e500000,0x000000b33e600000) (1024K)]
  0x00000227805ea650 JavaThread "ForkJoinPool.commonPool-worker-1" daemon [_thread_in_vm, id=5040, stack(0x000000b33e600000,0x000000b33e700000) (1024K)]
  0x00000227805ed440 JavaThread "ForkJoinPool.commonPool-worker-2" daemon [_thread_in_native, id=10532, stack(0x000000b33e700000,0x000000b33e800000) (1024K)]
  0x00000227809b01e0 JavaThread "C2 CompilerThread3"         daemon [_thread_in_native, id=404, stack(0x000000b33e800000,0x000000b33e900000) (1024K)]
  0x00000227ff53d230 JavaThread "C2 CompilerThread4"         daemon [_thread_in_native, id=3040, stack(0x000000b33e900000,0x000000b33ea00000) (1024K)]
  0x00000227ff5ce2b0 JavaThread "C2 CompilerThread5"         daemon [_thread_in_native, id=9428, stack(0x000000b33ea00000,0x000000b33eb00000) (1024K)]
  0x00000227ff05bef0 JavaThread "C2 CompilerThread6"         daemon [_thread_in_native, id=9956, stack(0x000000b33eb00000,0x000000b33ec00000) (1024K)]
  0x00000227ffb23de0 JavaThread "C2 CompilerThread7"         daemon [_thread_in_native, id=26980, stack(0x000000b33ec00000,0x000000b33ed00000) (1024K)]
Total: 69

Other Threads:
  0x00000227b6374080 VMThread "VM Thread"                           [id=18044, stack(0x000000b339a00000,0x000000b339b00000) (1024K)]
  0x00000227b626ca00 WatcherThread "VM Periodic Task Thread"        [id=27136, stack(0x000000b339900000,0x000000b339a00000) (1024K)]
  0x000002279dbe98a0 WorkerThread "GC Thread#0"                     [id=24896, stack(0x000000b339800000,0x000000b339900000) (1024K)]
  0x00000227ff541d70 WorkerThread "GC Thread#1"                     [id=10368, stack(0x000000b33ab00000,0x000000b33ac00000) (1024K)]
  0x00000227ff5568b0 WorkerThread "GC Thread#2"                     [id=27524, stack(0x000000b33ac00000,0x000000b33ad00000) (1024K)]
  0x00000227ff556c60 WorkerThread "GC Thread#3"                     [id=9180, stack(0x000000b33ad00000,0x000000b33ae00000) (1024K)]
  0x00000227ff557010 WorkerThread "GC Thread#4"                     [id=24428, stack(0x000000b33ae00000,0x000000b33af00000) (1024K)]
  0x00000227ff5573c0 WorkerThread "GC Thread#5"                     [id=23484, stack(0x000000b33af00000,0x000000b33b000000) (1024K)]
  0x00000227ff30d630 WorkerThread "GC Thread#6"                     [id=3724, stack(0x000000b33b000000,0x000000b33b100000) (1024K)]
  0x00000227fa2b9400 WorkerThread "GC Thread#7"                     [id=24432, stack(0x000000b33b800000,0x000000b33b900000) (1024K)]
  0x00000227ff8690c0 WorkerThread "GC Thread#8"                     [id=21224, stack(0x000000b33c600000,0x000000b33c700000) (1024K)]
  0x00000227ffbb3a00 WorkerThread "GC Thread#9"                     [id=23376, stack(0x000000b33c700000,0x000000b33c800000) (1024K)]
  0x00000227ffbb3db0 WorkerThread "GC Thread#10"                    [id=21704, stack(0x000000b33c900000,0x000000b33ca00000) (1024K)]
  0x00000227ffcbcab0 WorkerThread "GC Thread#11"                    [id=25500, stack(0x000000b33cc00000,0x000000b33cd00000) (1024K)]
  0x00000227ffcbd210 WorkerThread "GC Thread#12"                    [id=16948, stack(0x000000b33cd00000,0x000000b33ce00000) (1024K)]
Total: 15

Threads with active compile tasks:
C2 CompilerThread0  8023 4648       4       org.eclipse.osgi.internal.loader.BundleLoader::addExportedProvidersFor (167 bytes)
C1 CompilerThread0  8024 5566       3       org.eclipse.jdt.internal.compiler.parser.Scanner::internalScanIdentifierOrKeyword (5041 bytes)
C1 CompilerThread1  8024 5600       3       org.eclipse.jdt.internal.compiler.util.GenericXMLWriter::appendEscapedChar (39 bytes)
C2 CompilerThread1  8024 4702       4       java.lang.invoke.MethodType::makeImpl (109 bytes)
C2 CompilerThread2  8025 5411       4       lombok.launch.PackageShader::apply (252 bytes)
C2 CompilerThread3  8025 4823   !   4       org.eclipse.osgi.internal.loader.classpath.ClasspathManager::findLocalClass (210 bytes)
C2 CompilerThread4  8025 5433   !   4       jdk.internal.jrtfs.JrtFileSystem::lookup (23 bytes)
C2 CompilerThread5  8025 5415       4       jdk.internal.jimage.ImageLocation::getFullName (109 bytes)
C2 CompilerThread6  8026 5530 %     4       sun.nio.fs.WindowsPathParser::normalize @ 18 (233 bytes)
C2 CompilerThread7  8026 5457       4       java.util.stream.ReferencePipeline$2$1::accept (27 bytes)
Total: 10

VM state: not at safepoint (normal execution)

VM Mutex/Monitor currently owned by a thread: None

Heap address: 0x0000000080000000, size: 2048 MB, Compressed Oops mode: 32-bit

CDS archive(s) mapped at: [0x00000227b7000000-0x00000227b7ba0000-0x00000227b7ba0000), size 12189696, SharedBaseAddress: 0x00000227b7000000, ArchiveRelocationMode: 1.
Compressed class space mapped at: 0x00000227b8000000-0x00000227f8000000, reserved size: 1073741824
Narrow klass base: 0x00000227b7000000, Narrow klass shift: 0, Narrow klass range: 0x100000000

GC Precious Log:
 CardTable entry size: 512
 CPUs: 16 total, 16 available
 Memory: 15573M
 Large Page Support: Disabled
 NUMA Support: Disabled
 Compressed Oops: Enabled (32-bit)
 Alignments: Space 512K, Generation 512K, Heap 2M
 Heap Min Capacity: 100M
 Heap Initial Capacity: 100M
 Heap Max Capacity: 2G
 Pre-touch: Disabled
 Parallel Workers: 13

Heap:
 PSYoungGen      total 23040K, used 21994K [0x00000000d5580000, 0x00000000d7300000, 0x0000000100000000)
  eden space 22016K, 95% used [0x00000000d5580000,0x00000000d69fe488,0x00000000d6b00000)
  from space 1024K, 98% used [0x00000000d7000000,0x00000000d70fc410,0x00000000d7100000)
  to   space 4096K, 0% used [0x00000000d6b00000,0x00000000d6b00000,0x00000000d6f00000)
 ParOldGen       total 68608K, used 19189K [0x0000000080000000, 0x0000000084300000, 0x00000000d5580000)
  object space 68608K, 27% used [0x0000000080000000,0x00000000812bd5b0,0x0000000084300000)
 Metaspace       used 36401K, committed 37440K, reserved 1114112K
  class space    used 3727K, committed 4224K, reserved 1048576K

Card table byte_map: [0x00000227b16a0000,0x00000227b1ab0000] _byte_map_base: 0x00000227b12a0000

Marking Bits: (ParMarkBitMap*) 0x00007ffa1c673450
 Begin Bits: [0x00000227b1d60000, 0x00000227b3d60000)
 End Bits:   [0x00000227b3d60000, 0x00000227b5d60000)

Polling page: 0x00000227a2490000

Metaspace:

Usage:
  Non-class:     31.91 MB used.
      Class:      3.64 MB used.
       Both:     35.55 MB used.

Virtual space:
  Non-class space:       64.00 MB reserved,      32.44 MB ( 51%) committed,  1 nodes.
      Class space:        1.00 GB reserved,       4.12 MB ( <1%) committed,  1 nodes.
             Both:        1.06 GB reserved,      36.56 MB (  3%) committed. 

Chunk freelists:
   Non-Class:  15.42 MB
       Class:  11.80 MB
        Both:  27.22 MB

MaxMetaspaceSize: unlimited
CompressedClassSpaceSize: 1.00 GB
Initial GC threshold: 21.00 MB
Current GC threshold: 58.38 MB
CDS: on
 - commit_granule_bytes: 65536.
 - commit_granule_words: 8192.
 - virtual_space_node_default_size: 8388608.
 - enlarge_chunks_in_place: 1.
 - use_allocation_guard: 0.


Internal statistics:

num_allocs_failed_limit: 6.
num_arena_births: 646.
num_arena_deaths: 14.
num_vsnodes_births: 2.
num_vsnodes_deaths: 0.
num_space_committed: 585.
num_space_uncommitted: 0.
num_chunks_returned_to_freelist: 20.
num_chunks_taken_from_freelist: 2064.
num_chunk_merges: 11.
num_chunk_splits: 1361.
num_chunks_enlarged: 887.
num_inconsistent_stats: 0.

CodeHeap 'non-profiled nmethods': size=119168Kb used=2196Kb max_used=2267Kb free=116971Kb
 bounds [0x00000227aa050000, 0x00000227aa2c0000, 0x00000227b14b0000]
CodeHeap 'profiled nmethods': size=119104Kb used=10729Kb max_used=10729Kb free=108374Kb
 bounds [0x00000227a24b0000, 0x00000227a2f30000, 0x00000227a9900000]
CodeHeap 'non-nmethods': size=7488Kb used=3055Kb max_used=3086Kb free=4432Kb
 bounds [0x00000227a9900000, 0x00000227a9c10000, 0x00000227aa050000]
CodeCache: size=245760Kb, used=15980Kb, max_used=16082Kb, free=229777Kb
 total_blobs=5730, nmethods=5064, adapters=568, full_count=0
Compilation: enabled, stopped_count=0, restarted_count=0

Compilation events (20 events):
Event: 7.970 Thread 0x00000227f8c01a20 5556   !   3       sun.net.www.protocol.jar.JarFileFactory::getCachedJarFile (147 bytes)
Event: 7.972 Thread 0x00000227f8c01a20 nmethod 5556 0x00000227a2f0d910 code [0x00000227a2f0db00, 0x00000227a2f0dfe8]
Event: 7.976 Thread 0x00000227ffb23de0 nmethod 5456 0x00000227aa0b0510 code [0x00000227aa0b07a0, 0x00000227aa0b1878]
Event: 7.978 Thread 0x00000227f8b37860 5557  s    1       org.eclipse.core.internal.resources.WorkManager::getPreparedOperationDepth (5 bytes)
Event: 7.978 Thread 0x00000227f8c020d0 5558       3       org.eclipse.core.internal.jobs.DeadlockDetector::indexOf (43 bytes)
Event: 7.978 Thread 0x00000227f8b37860 nmethod 5557 0x00000227aa0b0190 code [0x00000227aa0b0320, 0x00000227aa0b04a8]
Event: 7.979 Thread 0x00000227f8e284b0 5559       3       org.eclipse.core.internal.resources.Project::internalGetDescription (21 bytes)
Event: 7.980 Thread 0x00000227f8c020d0 nmethod 5558 0x00000227a2f0e190 code [0x00000227a2f0e3a0, 0x00000227a2f0e998]
Event: 7.980 Thread 0x00000227f8b37860 5560       1       org.eclipse.jdt.internal.core.ClasspathEntry::getEntryKind (5 bytes)
Event: 7.980 Thread 0x00000227f8e284b0 nmethod 5559 0x00000227a2f0ec90 code [0x00000227a2f0ee60, 0x00000227a2f0f2b0]
Event: 7.980 Thread 0x00000227f8c01a20 5561   !   3       org.eclipse.core.internal.resources.WorkspaceRoot::getProjects (85 bytes)
Event: 7.980 Thread 0x00000227f8b37860 nmethod 5560 0x00000227aa0afe90 code [0x00000227aa0b0020, 0x00000227aa0b00e8]
Event: 7.981 Thread 0x00000227f8e284b0 5562   !   3       sun.net.www.protocol.jar.JarURLConnection::connect (196 bytes)
Event: 7.982 Thread 0x00000227f8c01a20 nmethod 5561 0x00000227a2f0f410 code [0x00000227a2f0f640, 0x00000227a2f0feb0]
Event: 7.984 Thread 0x00000227f8e284b0 nmethod 5562 0x00000227a2f10190 code [0x00000227a2f104c0, 0x00000227a2f11658]
Event: 7.986 Thread 0x00000227ffb23de0 5527       4       org.eclipse.core.runtime.Path::<init> (37 bytes)
Event: 7.986 Thread 0x00000227f8c01a20 5563       3       org.eclipse.jdt.internal.compiler.classfmt.ClassFileStruct::utf8At (171 bytes)
Event: 7.986 Thread 0x00000227f8b37860 5564       3       org.eclipse.jdt.core.compiler.CharOperation::replace (35 bytes)
Event: 7.987 Thread 0x00000227f8b37860 nmethod 5564 0x00000227a2f11b90 code [0x00000227a2f11d40, 0x00000227a2f11f58]
Event: 7.987 Thread 0x00000227f8c01a20 nmethod 5563 0x00000227a2f12090 code [0x00000227a2f12260, 0x00000227a2f127b8]

GC Heap History (20 events):
Event: 5.443 GC heap before
{Heap before GC invocations=7 (full 0):
 PSYoungGen      total 29184K, used 15106K [0x00000000d5580000, 0x00000000d7900000, 0x0000000100000000)
  eden space 24576K, 43% used [0x00000000d5580000,0x00000000d5ffc660,0x00000000d6d80000)
  from space 4608K, 94% used [0x00000000d7480000,0x00000000d78c4268,0x00000000d7900000)
  to   space 5120K, 0% used [0x00000000d6f00000,0x00000000d6f00000,0x00000000d7400000)
 ParOldGen       total 68608K, used 9947K [0x0000000080000000, 0x0000000084300000, 0x00000000d5580000)
  object space 68608K, 14% used [0x0000000080000000,0x00000000809b6fd0,0x0000000084300000)
 Metaspace       used 20944K, committed 21504K, reserved 1114112K
  class space    used 2030K, committed 2304K, reserved 1048576K
}
Event: 5.448 GC heap after
{Heap after GC invocations=7 (full 0):
 PSYoungGen      total 28672K, used 3666K [0x00000000d5580000, 0x00000000d7580000, 0x0000000100000000)
  eden space 24576K, 0% used [0x00000000d5580000,0x00000000d5580000,0x00000000d6d80000)
  from space 4096K, 89% used [0x00000000d6f00000,0x00000000d7294b38,0x00000000d7300000)
  to   space 2560K, 0% used [0x00000000d7300000,0x00000000d7300000,0x00000000d7580000)
 ParOldGen       total 68608K, used 11016K [0x0000000080000000, 0x0000000084300000, 0x00000000d5580000)
  object space 68608K, 16% used [0x0000000080000000,0x0000000080ac2068,0x0000000084300000)
 Metaspace       used 20944K, committed 21504K, reserved 1114112K
  class space    used 2030K, committed 2304K, reserved 1048576K
}
Event: 5.448 GC heap before
{Heap before GC invocations=8 (full 1):
 PSYoungGen      total 28672K, used 3666K [0x00000000d5580000, 0x00000000d7580000, 0x0000000100000000)
  eden space 24576K, 0% used [0x00000000d5580000,0x00000000d5580000,0x00000000d6d80000)
  from space 4096K, 89% used [0x00000000d6f00000,0x00000000d7294b38,0x00000000d7300000)
  to   space 2560K, 0% used [0x00000000d7300000,0x00000000d7300000,0x00000000d7580000)
 ParOldGen       total 68608K, used 11016K [0x0000000080000000, 0x0000000084300000, 0x00000000d5580000)
  object space 68608K, 16% used [0x0000000080000000,0x0000000080ac2068,0x0000000084300000)
 Metaspace       used 20944K, committed 21504K, reserved 1114112K
  class space    used 2030K, committed 2304K, reserved 1048576K
}
Event: 5.482 GC heap after
{Heap after GC invocations=8 (full 1):
 PSYoungGen      total 28672K, used 0K [0x00000000d5580000, 0x00000000d7580000, 0x0000000100000000)
  eden space 24576K, 0% used [0x00000000d5580000,0x00000000d5580000,0x00000000d6d80000)
  from space 4096K, 0% used [0x00000000d6f00000,0x00000000d6f00000,0x00000000d7300000)
  to   space 2560K, 0% used [0x00000000d7300000,0x00000000d7300000,0x00000000d7580000)
 ParOldGen       total 68608K, used 10742K [0x0000000080000000, 0x0000000084300000, 0x00000000d5580000)
  object space 68608K, 15% used [0x0000000080000000,0x0000000080a7d9f0,0x0000000084300000)
 Metaspace       used 20932K, committed 21504K, reserved 1114112K
  class space    used 2026K, committed 2304K, reserved 1048576K
}
Event: 5.817 GC heap before
{Heap before GC invocations=9 (full 1):
 PSYoungGen      total 28672K, used 24576K [0x00000000d5580000, 0x00000000d7580000, 0x0000000100000000)
  eden space 24576K, 100% used [0x00000000d5580000,0x00000000d6d80000,0x00000000d6d80000)
  from space 4096K, 0% used [0x00000000d6f00000,0x00000000d6f00000,0x00000000d7300000)
  to   space 2560K, 0% used [0x00000000d7300000,0x00000000d7300000,0x00000000d7580000)
 ParOldGen       total 68608K, used 10742K [0x0000000080000000, 0x0000000084300000, 0x00000000d5580000)
  object space 68608K, 15% used [0x0000000080000000,0x0000000080a7d9f0,0x0000000084300000)
 Metaspace       used 22844K, committed 23488K, reserved 1114112K
  class space    used 2153K, committed 2432K, reserved 1048576K
}
Event: 5.819 GC heap after
{Heap after GC invocations=9 (full 1):
 PSYoungGen      total 26624K, used 2267K [0x00000000d5580000, 0x00000000d7580000, 0x0000000100000000)
  eden space 24064K, 0% used [0x00000000d5580000,0x00000000d5580000,0x00000000d6d00000)
  from space 2560K, 88% used [0x00000000d7300000,0x00000000d7536da0,0x00000000d7580000)
  to   space 3072K, 0% used [0x00000000d6f80000,0x00000000d6f80000,0x00000000d7280000)
 ParOldGen       total 68608K, used 11531K [0x0000000080000000, 0x0000000084300000, 0x00000000d5580000)
  object space 68608K, 16% used [0x0000000080000000,0x0000000080b42f00,0x0000000084300000)
 Metaspace       used 22844K, committed 23488K, reserved 1114112K
  class space    used 2153K, committed 2432K, reserved 1048576K
}
Event: 6.507 GC heap before
{Heap before GC invocations=10 (full 1):
 PSYoungGen      total 26624K, used 26331K [0x00000000d5580000, 0x00000000d7580000, 0x0000000100000000)
  eden space 24064K, 100% used [0x00000000d5580000,0x00000000d6d00000,0x00000000d6d00000)
  from space 2560K, 88% used [0x00000000d7300000,0x00000000d7536da0,0x00000000d7580000)
  to   space 3072K, 0% used [0x00000000d6f80000,0x00000000d6f80000,0x00000000d7280000)
 ParOldGen       total 68608K, used 11531K [0x0000000080000000, 0x0000000084300000, 0x00000000d5580000)
  object space 68608K, 16% used [0x0000000080000000,0x0000000080b42f00,0x0000000084300000)
 Metaspace       used 27183K, committed 27904K, reserved 1114112K
  class space    used 2627K, committed 2944K, reserved 1048576K
}
Event: 6.510 GC heap after
{Heap after GC invocations=10 (full 1):
 PSYoungGen      total 26624K, used 3067K [0x00000000d5580000, 0x00000000d7380000, 0x0000000100000000)
  eden space 23552K, 0% used [0x00000000d5580000,0x00000000d5580000,0x00000000d6c80000)
  from space 3072K, 99% used [0x00000000d6f80000,0x00000000d727edc0,0x00000000d7280000)
  to   space 1024K, 0% used [0x00000000d7280000,0x00000000d7280000,0x00000000d7380000)
 ParOldGen       total 68608K, used 11561K [0x0000000080000000, 0x0000000084300000, 0x00000000d5580000)
  object space 68608K, 16% used [0x0000000080000000,0x0000000080b4a688,0x0000000084300000)
 Metaspace       used 27183K, committed 27904K, reserved 1114112K
  class space    used 2627K, committed 2944K, reserved 1048576K
}
Event: 6.893 GC heap before
{Heap before GC invocations=11 (full 1):
 PSYoungGen      total 26624K, used 26619K [0x00000000d5580000, 0x00000000d7380000, 0x0000000100000000)
  eden space 23552K, 100% used [0x00000000d5580000,0x00000000d6c80000,0x00000000d6c80000)
  from space 3072K, 99% used [0x00000000d6f80000,0x00000000d727edc0,0x00000000d7280000)
  to   space 1024K, 0% used [0x00000000d7280000,0x00000000d7280000,0x00000000d7380000)
 ParOldGen       total 68608K, used 11561K [0x0000000080000000, 0x0000000084300000, 0x00000000d5580000)
  object space 68608K, 16% used [0x0000000080000000,0x0000000080b4a688,0x0000000084300000)
 Metaspace       used 30015K, committed 30848K, reserved 1114112K
  class space    used 2976K, committed 3328K, reserved 1048576K
}
Event: 6.896 GC heap after
{Heap after GC invocations=11 (full 1):
 PSYoungGen      total 24064K, used 1024K [0x00000000d5580000, 0x00000000d7500000, 0x0000000100000000)
  eden space 23040K, 0% used [0x00000000d5580000,0x00000000d5580000,0x00000000d6c00000)
  from space 1024K, 100% used [0x00000000d7280000,0x00000000d7380000,0x00000000d7380000)
  to   space 4608K, 0% used [0x00000000d6c00000,0x00000000d6c00000,0x00000000d7080000)
 ParOldGen       total 68608K, used 14586K [0x0000000080000000, 0x0000000084300000, 0x00000000d5580000)
  object space 68608K, 21% used [0x0000000080000000,0x0000000080e3eb38,0x0000000084300000)
 Metaspace       used 30015K, committed 30848K, reserved 1114112K
  class space    used 2976K, committed 3328K, reserved 1048576K
}
Event: 7.354 GC heap before
{Heap before GC invocations=12 (full 1):
 PSYoungGen      total 24064K, used 24038K [0x00000000d5580000, 0x00000000d7500000, 0x0000000100000000)
  eden space 23040K, 99% used [0x00000000d5580000,0x00000000d6bf9990,0x00000000d6c00000)
  from space 1024K, 100% used [0x00000000d7280000,0x00000000d7380000,0x00000000d7380000)
  to   space 4608K, 0% used [0x00000000d6c00000,0x00000000d6c00000,0x00000000d7080000)
 ParOldGen       total 68608K, used 14586K [0x0000000080000000, 0x0000000084300000, 0x00000000d5580000)
  object space 68608K, 21% used [0x0000000080000000,0x0000000080e3eb38,0x0000000084300000)
 Metaspace       used 33075K, committed 33984K, reserved 1114112K
  class space    used 3350K, committed 3776K, reserved 1048576K
}
Event: 7.356 GC heap after
{Heap after GC invocations=12 (full 1):
 PSYoungGen      total 27136K, used 1348K [0x00000000d5580000, 0x00000000d7300000, 0x0000000100000000)
  eden space 22528K, 0% used [0x00000000d5580000,0x00000000d5580000,0x00000000d6b80000)
  from space 4608K, 29% used [0x00000000d6c00000,0x00000000d6d51210,0x00000000d7080000)
  to   space 2560K, 0% used [0x00000000d7080000,0x00000000d7080000,0x00000000d7300000)
 ParOldGen       total 68608K, used 15546K [0x0000000080000000, 0x0000000084300000, 0x00000000d5580000)
  object space 68608K, 22% used [0x0000000080000000,0x0000000080f2eb58,0x0000000084300000)
 Metaspace       used 33075K, committed 33984K, reserved 1114112K
  class space    used 3350K, committed 3776K, reserved 1048576K
}
Event: 7.535 GC heap before
{Heap before GC invocations=13 (full 1):
 PSYoungGen      total 27136K, used 14017K [0x00000000d5580000, 0x00000000d7300000, 0x0000000100000000)
  eden space 22528K, 56% used [0x00000000d5580000,0x00000000d61df358,0x00000000d6b80000)
  from space 4608K, 29% used [0x00000000d6c00000,0x00000000d6d51210,0x00000000d7080000)
  to   space 2560K, 0% used [0x00000000d7080000,0x00000000d7080000,0x00000000d7300000)
 ParOldGen       total 68608K, used 15546K [0x0000000080000000, 0x0000000084300000, 0x00000000d5580000)
  object space 68608K, 22% used [0x0000000080000000,0x0000000080f2eb58,0x0000000084300000)
 Metaspace       used 34967K, committed 35840K, reserved 1114112K
  class space    used 3550K, committed 3968K, reserved 1048576K
}
Event: 7.537 GC heap after
{Heap after GC invocations=13 (full 1):
 PSYoungGen      total 23552K, used 824K [0x00000000d5580000, 0x00000000d7180000, 0x0000000100000000)
  eden space 22528K, 0% used [0x00000000d5580000,0x00000000d5580000,0x00000000d6b80000)
  from space 1024K, 80% used [0x00000000d7080000,0x00000000d714e308,0x00000000d7180000)
  to   space 1536K, 0% used [0x00000000d6e80000,0x00000000d6e80000,0x00000000d7000000)
 ParOldGen       total 68608K, used 16685K [0x0000000080000000, 0x0000000084300000, 0x00000000d5580000)
  object space 68608K, 24% used [0x0000000080000000,0x000000008104b570,0x0000000084300000)
 Metaspace       used 34967K, committed 35840K, reserved 1114112K
  class space    used 3550K, committed 3968K, reserved 1048576K
}
Event: 7.537 GC heap before
{Heap before GC invocations=14 (full 2):
 PSYoungGen      total 23552K, used 824K [0x00000000d5580000, 0x00000000d7180000, 0x0000000100000000)
  eden space 22528K, 0% used [0x00000000d5580000,0x00000000d5580000,0x00000000d6b80000)
  from space 1024K, 80% used [0x00000000d7080000,0x00000000d714e308,0x00000000d7180000)
  to   space 1536K, 0% used [0x00000000d6e80000,0x00000000d6e80000,0x00000000d7000000)
 ParOldGen       total 68608K, used 16685K [0x0000000080000000, 0x0000000084300000, 0x00000000d5580000)
  object space 68608K, 24% used [0x0000000080000000,0x000000008104b570,0x0000000084300000)
 Metaspace       used 34967K, committed 35840K, reserved 1114112K
  class space    used 3550K, committed 3968K, reserved 1048576K
}
Event: 7.571 GC heap after
{Heap after GC invocations=14 (full 2):
 PSYoungGen      total 23552K, used 0K [0x00000000d5580000, 0x00000000d7180000, 0x0000000100000000)
  eden space 22528K, 0% used [0x00000000d5580000,0x00000000d5580000,0x00000000d6b80000)
  from space 1024K, 0% used [0x00000000d7080000,0x00000000d7080000,0x00000000d7180000)
  to   space 1536K, 0% used [0x00000000d6e80000,0x00000000d6e80000,0x00000000d7000000)
 ParOldGen       total 68608K, used 16544K [0x0000000080000000, 0x0000000084300000, 0x00000000d5580000)
  object space 68608K, 24% used [0x0000000080000000,0x0000000081028218,0x0000000084300000)
 Metaspace       used 34967K, committed 35840K, reserved 1114112K
  class space    used 3550K, committed 3968K, reserved 1048576K
}
Event: 7.788 GC heap before
{Heap before GC invocations=15 (full 2):
 PSYoungGen      total 23552K, used 22528K [0x00000000d5580000, 0x00000000d7180000, 0x0000000100000000)
  eden space 22528K, 100% used [0x00000000d5580000,0x00000000d6b80000,0x00000000d6b80000)
  from space 1024K, 0% used [0x00000000d7080000,0x00000000d7080000,0x00000000d7180000)
  to   space 1536K, 0% used [0x00000000d6e80000,0x00000000d6e80000,0x00000000d7000000)
 ParOldGen       total 68608K, used 16544K [0x0000000080000000, 0x0000000084300000, 0x00000000d5580000)
  object space 68608K, 24% used [0x0000000080000000,0x0000000081028218,0x0000000084300000)
 Metaspace       used 35656K, committed 36672K, reserved 1114112K
  class space    used 3642K, committed 4096K, reserved 1048576K
}
Event: 7.790 GC heap after
{Heap after GC invocations=15 (full 2):
 PSYoungGen      total 23552K, used 1504K [0x00000000d5580000, 0x00000000d7100000, 0x0000000100000000)
  eden space 22016K, 0% used [0x00000000d5580000,0x00000000d5580000,0x00000000d6b00000)
  from space 1536K, 97% used [0x00000000d6e80000,0x00000000d6ff8030,0x00000000d7000000)
  to   space 1024K, 0% used [0x00000000d7000000,0x00000000d7000000,0x00000000d7100000)
 ParOldGen       total 68608K, used 16736K [0x0000000080000000, 0x0000000084300000, 0x00000000d5580000)
  object space 68608K, 24% used [0x0000000080000000,0x0000000081058218,0x0000000084300000)
 Metaspace       used 35656K, committed 36672K, reserved 1114112K
  class space    used 3642K, committed 4096K, reserved 1048576K
}
Event: 7.889 GC heap before
{Heap before GC invocations=16 (full 2):
 PSYoungGen      total 23552K, used 23520K [0x00000000d5580000, 0x00000000d7100000, 0x0000000100000000)
  eden space 22016K, 100% used [0x00000000d5580000,0x00000000d6b00000,0x00000000d6b00000)
  from space 1536K, 97% used [0x00000000d6e80000,0x00000000d6ff8030,0x00000000d7000000)
  to   space 1024K, 0% used [0x00000000d7000000,0x00000000d7000000,0x00000000d7100000)
 ParOldGen       total 68608K, used 16736K [0x0000000080000000, 0x0000000084300000, 0x00000000d5580000)
  object space 68608K, 24% used [0x0000000080000000,0x0000000081058218,0x0000000084300000)
 Metaspace       used 35854K, committed 36864K, reserved 1114112K
  class space    used 3672K, committed 4160K, reserved 1048576K
}
Event: 7.891 GC heap after
{Heap after GC invocations=16 (full 2):
 PSYoungGen      total 23040K, used 1009K [0x00000000d5580000, 0x00000000d7300000, 0x0000000100000000)
  eden space 22016K, 0% used [0x00000000d5580000,0x00000000d5580000,0x00000000d6b00000)
  from space 1024K, 98% used [0x00000000d7000000,0x00000000d70fc410,0x00000000d7100000)
  to   space 4096K, 0% used [0x00000000d6b00000,0x00000000d6b00000,0x00000000d6f00000)
 ParOldGen       total 68608K, used 19189K [0x0000000080000000, 0x0000000084300000, 0x00000000d5580000)
  object space 68608K, 27% used [0x0000000080000000,0x00000000812bd5b0,0x0000000084300000)
 Metaspace       used 35854K, committed 36864K, reserved 1114112K
  class space    used 3672K, committed 4160K, reserved 1048576K
}

Dll operation events (12 events):
Event: 0.011 Loaded shared library c:\Users\gaana\.vscode\extensions\redhat.java-1.54.0-win32-x64\jre\21.0.10-win32-x86_64\bin\java.dll
Event: 0.080 Loaded shared library c:\Users\gaana\.vscode\extensions\redhat.java-1.54.0-win32-x64\jre\21.0.10-win32-x86_64\bin\zip.dll
Event: 0.109 Loaded shared library C:\Users\gaana\.vscode\extensions\redhat.java-1.54.0-win32-x64\jre\21.0.10-win32-x86_64\bin\instrument.dll
Event: 0.117 Loaded shared library C:\Users\gaana\.vscode\extensions\redhat.java-1.54.0-win32-x64\jre\21.0.10-win32-x86_64\bin\net.dll
Event: 0.121 Loaded shared library C:\Users\gaana\.vscode\extensions\redhat.java-1.54.0-win32-x64\jre\21.0.10-win32-x86_64\bin\nio.dll
Event: 0.127 Loaded shared library C:\Users\gaana\.vscode\extensions\redhat.java-1.54.0-win32-x64\jre\21.0.10-win32-x86_64\bin\zip.dll
Event: 0.150 Loaded shared library C:\Users\gaana\.vscode\extensions\redhat.java-1.54.0-win32-x64\jre\21.0.10-win32-x86_64\bin\jimage.dll
Event: 0.257 Loaded shared library c:\Users\gaana\.vscode\extensions\redhat.java-1.54.0-win32-x64\jre\21.0.10-win32-x86_64\bin\verify.dll
Event: 3.727 Loaded shared library C:\Users\gaana\AppData\Roaming\Code\User\globalStorage\redhat.java\1.54.0\config_ss_win\org.eclipse.equinox.launcher\org.eclipse.equinox.launcher.win32.win32.x86_64_1.3.0.v20260203-2149\eclipse_11919.dll
Event: 4.729 Loaded shared library C:\Users\gaana\.vscode\extensions\redhat.java-1.54.0-win32-x64\jre\21.0.10-win32-x86_64\bin\management.dll
Event: 4.792 Loaded shared library C:\Users\gaana\.vscode\extensions\redhat.java-1.54.0-win32-x64\jre\21.0.10-win32-x86_64\bin\management_ext.dll
Event: 6.345 Loaded shared library C:\Users\gaana\AppData\Local\Temp\jna-98109114\jna229499909878392169.dll

Deoptimization events (20 events):
Event: 7.732 Thread 0x00000227805ea650 DEOPT PACKING pc=0x00000227aa1682e0 sp=0x000000b33e6fd3a0
Event: 7.732 Thread 0x00000227805ea650 DEOPT UNPACKING pc=0x00000227a9953aa2 sp=0x000000b33e6fd320 mode 2
Event: 7.762 Thread 0x00000227805ed440 DEOPT PACKING pc=0x00000227a257f339 sp=0x000000b33e7f9330
Event: 7.762 Thread 0x00000227805ed440 DEOPT UNPACKING pc=0x00000227a9954242 sp=0x000000b33e7f8830 mode 0
Event: 7.804 Thread 0x00000227805ed440 DEOPT PACKING pc=0x00000227a2c5b98d sp=0x000000b33e7f96d0
Event: 7.804 Thread 0x00000227805ed440 DEOPT UNPACKING pc=0x00000227a9954242 sp=0x000000b33e7f8b80 mode 0
Event: 7.863 Thread 0x00000227805ed440 DEOPT PACKING pc=0x00000227a257f339 sp=0x000000b33e7fbf70
Event: 7.863 Thread 0x00000227805ed440 DEOPT UNPACKING pc=0x00000227a9954242 sp=0x000000b33e7fb470 mode 0
Event: 7.863 Thread 0x00000227805ed440 DEOPT PACKING pc=0x00000227a2c5b98d sp=0x000000b33e7fc310
Event: 7.863 Thread 0x00000227805ed440 DEOPT UNPACKING pc=0x00000227a9954242 sp=0x000000b33e7fb7c0 mode 0
Event: 7.884 Thread 0x00000227805ed440 DEOPT PACKING pc=0x00000227a2c5b98d sp=0x000000b33e7fbe00
Event: 7.884 Thread 0x00000227805ed440 DEOPT UNPACKING pc=0x00000227a9954242 sp=0x000000b33e7fb2b0 mode 0
Event: 7.914 Thread 0x00000227805ed440 DEOPT PACKING pc=0x00000227a2c5b98d sp=0x000000b33e7fcbe0
Event: 7.914 Thread 0x00000227805ed440 DEOPT UNPACKING pc=0x00000227a9954242 sp=0x000000b33e7fc090 mode 0
Event: 7.945 Thread 0x00000227805ed440 DEOPT PACKING pc=0x00000227a2c5b98d sp=0x000000b33e7fcf90
Event: 7.945 Thread 0x00000227805ed440 DEOPT UNPACKING pc=0x00000227a9954242 sp=0x000000b33e7fc440 mode 0
Event: 7.971 Thread 0x00000227805ed440 DEOPT PACKING pc=0x00000227a2c5b98d sp=0x000000b33e7fcd00
Event: 7.971 Thread 0x00000227805ed440 DEOPT UNPACKING pc=0x00000227a9954242 sp=0x000000b33e7fc1b0 mode 0
Event: 7.982 Thread 0x00000227805ed440 DEOPT PACKING pc=0x00000227a2c5b98d sp=0x000000b33e7f9680
Event: 7.982 Thread 0x00000227805ed440 DEOPT UNPACKING pc=0x00000227a9954242 sp=0x000000b33e7f8b30 mode 0

Classes loaded (20 events):
Event: 7.616 Loading class java/nio/file/FileVisitResult
Event: 7.616 Loading class java/nio/file/FileVisitResult done
Event: 7.686 Loading class java/lang/runtime/ObjectMethods
Event: 7.687 Loading class java/lang/runtime/ObjectMethods done
Event: 7.694 Loading class java/lang/invoke/MethodHandleImpl$Makers
Event: 7.694 Loading class java/lang/invoke/MethodHandleImpl$Makers done
Event: 7.695 Loading class java/lang/invoke/MethodHandleImpl$Makers$1
Event: 7.695 Loading class java/lang/invoke/MethodHandleImpl$Makers$1 done
Event: 7.696 Loading class java/lang/invoke/MethodHandleImpl$Makers$2
Event: 7.696 Loading class java/lang/invoke/MethodHandleImpl$Makers$2 done
Event: 7.696 Loading class java/lang/invoke/MethodHandleImpl$Makers$3
Event: 7.696 Loading class java/lang/invoke/MethodHandleImpl$Makers$3 done
Event: 7.706 Loading class java/lang/runtime/ObjectMethods$1
Event: 7.706 Loading class java/lang/runtime/ObjectMethods$1 done
Event: 7.921 Loading class java/util/Vector$1
Event: 7.922 Loading class java/util/Vector$1 done
Event: 7.952 Loading class java/nio/channels/Channels$ReadableByteChannelImpl
Event: 7.953 Loading class java/nio/channels/Channels$ReadableByteChannelImpl done
Event: 7.957 Loading class java/nio/channels/NonWritableChannelException
Event: 7.957 Loading class java/nio/channels/NonWritableChannelException done

Classes unloaded (7 events):
Event: 5.453 Thread 0x00000227b6374080 Unloading class 0x00000227b81a1000 'java/lang/invoke/LambdaForm$MH+0x00000227b81a1000'
Event: 5.453 Thread 0x00000227b6374080 Unloading class 0x00000227b81a0c00 'java/lang/invoke/LambdaForm$MH+0x00000227b81a0c00'
Event: 5.453 Thread 0x00000227b6374080 Unloading class 0x00000227b81a0800 'java/lang/invoke/LambdaForm$MH+0x00000227b81a0800'
Event: 5.453 Thread 0x00000227b6374080 Unloading class 0x00000227b81a0400 'java/lang/invoke/LambdaForm$MH+0x00000227b81a0400'
Event: 5.453 Thread 0x00000227b6374080 Unloading class 0x00000227b81a0000 'java/lang/invoke/LambdaForm$BMH+0x00000227b81a0000'
Event: 5.453 Thread 0x00000227b6374080 Unloading class 0x00000227b819fc00 'java/lang/invoke/LambdaForm$DMH+0x00000227b819fc00'
Event: 5.453 Thread 0x00000227b6374080 Unloading class 0x00000227b819e800 'java/lang/invoke/LambdaForm$DMH+0x00000227b819e800'

Classes redefined (0 events):
No events

Internal exceptions (20 events):
Event: 7.358 Thread 0x00000227805ea650 Exception <a 'sun/nio/fs/WindowsException'{0x00000000d558f2e8}> (0x00000000d558f2e8) 
thrown [s\src\hotspot\share\prims\jni.cpp, line 520]
Event: 7.358 Thread 0x00000227805ea650 Exception <a 'sun/nio/fs/WindowsException'{0x00000000d558f918}> (0x00000000d558f918) 
thrown [s\src\hotspot\share\prims\jni.cpp, line 520]
Event: 7.366 Thread 0x00000227805eb370 Exception <a 'sun/nio/fs/WindowsException'{0x00000000d55ded48}> (0x00000000d55ded48) 
thrown [s\src\hotspot\share\prims\jni.cpp, line 520]
Event: 7.370 Thread 0x00000227805ea650 Exception <a 'sun/nio/fs/WindowsException'{0x00000000d5700b68}> (0x00000000d5700b68) 
thrown [s\src\hotspot\share\prims\jni.cpp, line 520]
Event: 7.395 Thread 0x00000227805ea650 Exception <a 'sun/nio/fs/WindowsException'{0x00000000d58f3ec8}> (0x00000000d58f3ec8) 
thrown [s\src\hotspot\share\prims\jni.cpp, line 520]
Event: 7.403 Thread 0x00000227805eb370 Exception <a 'sun/nio/fs/WindowsException'{0x00000000d577d308}> (0x00000000d577d308) 
thrown [s\src\hotspot\share\prims\jni.cpp, line 520]
Event: 7.422 Thread 0x00000227805eb370 Exception <a 'sun/nio/fs/WindowsException'{0x00000000d5a13998}> (0x00000000d5a13998) 
thrown [s\src\hotspot\share\prims\jni.cpp, line 520]
Event: 7.465 Thread 0x00000227805ed440 Exception <a 'java/lang/NoSuchMethodError'{0x00000000d5d4b5c0}: 'java.lang.Object java.lang.invoke.DirectMethodHandle$Holder.invokeVirtual(java.lang.Object, java.lang.Object, int)'> (0x00000000d5d4b5c0) 
thrown [s\src\hotspot\share\interpreter\linkResolver.cpp, line 773]
Event: 7.466 Thread 0x00000227805ed440 Implicit null exception at 0x00000227aa2326f7 to 0x00000227aa232968
Event: 7.494 Thread 0x00000227805ea650 Exception <a 'java/lang/NoSuchMethodError'{0x00000000d5f193f8}: 'long java.lang.invoke.DirectMethodHandle$Holder.invokeStatic(java.lang.Object, java.lang.Object, int)'> (0x00000000d5f193f8) 
thrown [s\src\hotspot\share\interpreter\linkResolver.cpp, line 773]
Event: 7.495 Thread 0x00000227805ea650 Exception <a 'java/lang/NoSuchMethodError'{0x00000000d5f24720}: 'java.lang.Object java.lang.invoke.DelegatingMethodHandle$Holder.reinvoke_L(java.lang.Object, int, long, java.lang.Object, java.lang.Object, int, java.lang.Object)'> (0x00000000d5f24720) 
thrown [s\src\hotspot\share\interpreter\linkResolver.cpp, line 773]
Event: 7.688 Thread 0x00000227805ea650 Exception <a 'java/lang/NoSuchMethodError'{0x00000000d5d78ab8}: 'java.lang.Object java.lang.invoke.DirectMethodHandle$Holder.invokeStaticInit(java.lang.Object, java.lang.Object, java.lang.Object, java.lang.Object, java.lang.Object, java.lang.Object, java.lang.Object)'> (0x00000000d5d78ab8) 
thrown [s\src\hotspot\share\interpreter\linkResolver.cpp, line 773]
Event: 7.691 Thread 0x00000227805ea650 Exception <a 'java/lang/NoSuchMethodError'{0x00000000d5da4c60}: 'java.lang.Object java.lang.invoke.Invokers$Holder.invoke_MT(java.lang.Object, java.lang.Object, java.lang.Object, java.lang.Object, java.lang.Object, java.lang.Object, java.lang.Object, java.lang.Object, java.lang.Object, java.lang.Object)'> (0x00000000d5da4c60) 
thrown [s\src\hotspot\share\interpreter\linkResolver.cpp, line 773]
Event: 7.707 Thread 0x00000227805ea650 Exception <a 'java/lang/NoSuchMethodError'{0x00000000d5ec9c70}: 'int java.lang.invoke.DirectMethodHandle$Holder.invokeVirtual(java.lang.Object, java.lang.Object, java.lang.Object)'> (0x00000000d5ec9c70) 
thrown [s\src\hotspot\share\interpreter\linkResolver.cpp, line 773]
Event: 7.708 Thread 0x00000227805ea650 Exception <a 'java/lang/NoSuchMethodError'{0x00000000d5ece018}: 'int java.lang.invoke.DirectMethodHandle$Holder.invokeStaticInit(java.lang.Object, int, int)'> (0x00000000d5ece018) 
thrown [s\src\hotspot\share\interpreter\linkResolver.cpp, line 773]
Event: 7.710 Thread 0x00000227805ea650 Exception <a 'java/lang/NoSuchMethodError'{0x00000000d5ed57c0}: 'int java.lang.invoke.DirectMethodHandle$Holder.invokeStaticInit(java.lang.Object, long, long)'> (0x00000000d5ed57c0) 
thrown [s\src\hotspot\share\interpreter\linkResolver.cpp, line 773]
Event: 7.711 Thread 0x00000227805ea650 Exception <a 'java/lang/NoSuchMethodError'{0x00000000d5eec888}: 'int java.lang.invoke.DirectMethodHandle$Holder.invokeStaticInit(java.lang.Object, float, float)'> (0x00000000d5eec888) 
thrown [s\src\hotspot\share\interpreter\linkResolver.cpp, line 773]
Event: 7.714 Thread 0x00000227805ea650 Exception <a 'java/lang/NoSuchMethodError'{0x00000000d5ef35c8}: 'int java.lang.invoke.DirectMethodHandle$Holder.invokeStaticInit(java.lang.Object, double, double)'> (0x00000000d5ef35c8) 
thrown [s\src\hotspot\share\interpreter\linkResolver.cpp, line 773]
Event: 7.715 Thread 0x00000227805ea650 Exception <a 'java/lang/NoSuchMethodError'{0x00000000d5ef7e18}: 'int java.lang.invoke.DirectMethodHandle$Holder.invokeStatic(java.lang.Object, long)'> (0x00000000d5ef7e18) 
thrown [s\src\hotspot\share\interpreter\linkResolver.cpp, line 773]
Event: 7.723 Thread 0x00000227805ea650 Exception <a 'java/lang/NoSuchMethodError'{0x00000000d5fe55e0}: 'int java.lang.invoke.Invokers$Holder.linkToTargetMethod(java.lang.Object, java.lang.Object)'> (0x00000000d5fe55e0) 
thrown [s\src\hotspot\share\interpreter\linkResolver.cpp, line 773]

ZGC Phase Switch (0 events):
No events

VM Operations (20 events):
Event: 7.208 Executing non-safepoint VM operation: HandshakeAllThreads (Deoptimize)
Event: 7.208 Executing non-safepoint VM operation: HandshakeAllThreads (Deoptimize) done
Event: 7.222 Executing non-safepoint VM operation: HandshakeAllThreads (Deoptimize)
Event: 7.222 Executing non-safepoint VM operation: HandshakeAllThreads (Deoptimize) done
Event: 7.354 Executing safepoint VM operation: ParallelGCFailedAllocation (Allocation Failure)
Event: 7.356 Executing safepoint VM operation: ParallelGCFailedAllocation (Allocation Failure) done
Event: 7.429 Executing non-safepoint VM operation: HandshakeAllThreads (Deoptimize)
Event: 7.429 Executing non-safepoint VM operation: HandshakeAllThreads (Deoptimize) done
Event: 7.459 Executing non-safepoint VM operation: HandshakeAllThreads (Deoptimize)
Event: 7.460 Executing non-safepoint VM operation: HandshakeAllThreads (Deoptimize) done
Event: 7.520 Executing non-safepoint VM operation: HandshakeAllThreads (Deoptimize)
Event: 7.520 Executing non-safepoint VM operation: HandshakeAllThreads (Deoptimize) done
Event: 7.521 Executing non-safepoint VM operation: HandshakeAllThreads (Deoptimize)
Event: 7.530 Executing non-safepoint VM operation: HandshakeAllThreads (Deoptimize) done
Event: 7.535 Executing safepoint VM operation: CollectForMetadataAllocation (Metadata GC Threshold)
Event: 7.571 Executing safepoint VM operation: CollectForMetadataAllocation (Metadata GC Threshold) done
Event: 7.787 Executing safepoint VM operation: ParallelGCFailedAllocation (Allocation Failure)
Event: 7.790 Executing safepoint VM operation: ParallelGCFailedAllocation (Allocation Failure) done
Event: 7.888 Executing safepoint VM operation: ParallelGCFailedAllocation (Allocation Failure)
Event: 7.891 Executing safepoint VM operation: ParallelGCFailedAllocation (Allocation Failure) done

Memory protections (0 events):
No events

Nmethod flushes (20 events):
Event: 7.554 Thread 0x00000227b6374080 flushing  nmethod 0x00000227a2a42410
Event: 7.554 Thread 0x00000227b6374080 flushing  nmethod 0x00000227a2a4a710
Event: 7.554 Thread 0x00000227b6374080 flushing  nmethod 0x00000227a2ab1090
Event: 7.554 Thread 0x00000227b6374080 flushing  nmethod 0x00000227a2ab4690
Event: 7.554 Thread 0x00000227b6374080 flushing  nmethod 0x00000227a2ac6d10
Event: 7.554 Thread 0x00000227b6374080 flushing  nmethod 0x00000227a2b15010
Event: 7.554 Thread 0x00000227b6374080 flushing  nmethod 0x00000227a2b3d190
Event: 7.554 Thread 0x00000227b6374080 flushing  nmethod 0x00000227a2b3dd90
Event: 7.554 Thread 0x00000227b6374080 flushing  nmethod 0x00000227a2b3ea10
Event: 7.554 Thread 0x00000227b6374080 flushing  nmethod 0x00000227a2b3fd90
Event: 7.554 Thread 0x00000227b6374080 flushing  nmethod 0x00000227a2b41710
Event: 7.554 Thread 0x00000227b6374080 flushing  nmethod 0x00000227a2b8e610
Event: 7.554 Thread 0x00000227b6374080 flushing  nmethod 0x00000227a2baa210
Event: 7.554 Thread 0x00000227b6374080 flushing  nmethod 0x00000227a2baac10
Event: 7.554 Thread 0x00000227b6374080 flushing  nmethod 0x00000227a2bb3110
Event: 7.554 Thread 0x00000227b6374080 flushing  nmethod 0x00000227a2bd9c10
Event: 7.554 Thread 0x00000227b6374080 flushing  nmethod 0x00000227a2bdac10
Event: 7.554 Thread 0x00000227b6374080 flushing  nmethod 0x00000227a2bebc10
Event: 7.554 Thread 0x00000227b6374080 flushing  nmethod 0x00000227a2bec910
Event: 7.554 Thread 0x00000227b6374080 flushing  nmethod 0x00000227a2bf1590

Events (20 events):
Event: 6.450 Thread 0x000002279dbcbe30 Thread added: 0x000002278095ab00
Event: 6.450 Thread 0x000002279dbcbe30 Thread added: 0x000002278095b190
Event: 6.450 Thread 0x000002279dbcbe30 Thread added: 0x000002278095b820
Event: 6.450 Thread 0x000002279dbcbe30 Thread added: 0x000002278095c540
Event: 6.451 Thread 0x000002279dbcbe30 Thread added: 0x000002278095d8f0
Event: 6.451 Thread 0x000002279dbcbe30 Thread added: 0x000002278095a470
Event: 6.451 Thread 0x000002279dbcbe30 Thread added: 0x000002278095d260
Event: 6.451 Thread 0x000002279dbcbe30 Thread added: 0x000002278095beb0
Event: 6.479 Thread 0x000002279dbcbe30 Thread added: 0x00000227805ec720
Event: 6.665 Thread 0x000002279dbcbe30 Thread added: 0x00000227805e9fc0
Event: 6.665 Thread 0x000002279dbcbe30 Thread added: 0x00000227805eb370
Event: 6.697 Thread 0x00000227f8e284b0 Thread added: 0x000002278110c450
Event: 7.053 Thread 0x00000227ff837850 Thread added: 0x00000227805eba00
Event: 7.116 Thread 0x00000227805eb370 Thread added: 0x00000227805ea650
Event: 7.117 Thread 0x00000227805eb370 Thread added: 0x00000227805ed440
Event: 7.298 Thread 0x00000227f8e284b0 Thread added: 0x00000227809b01e0
Event: 7.601 Thread 0x00000227f8c020d0 Thread added: 0x00000227ff53d230
Event: 7.622 Thread 0x00000227f8c020d0 Thread added: 0x00000227ff5ce2b0
Event: 7.639 Thread 0x00000227f8c020d0 Thread added: 0x00000227ff05bef0
Event: 7.657 Thread 0x00000227f8b37860 Thread added: 0x00000227ffb23de0


Dynamic libraries:
0x00007ff7c17c0000 - 0x00007ff7c17ce000 	c:\Users\gaana\.vscode\extensions\redhat.java-1.54.0-win32-x64\jre\21.0.10-win32-x86_64\bin\java.exe
0x00007ffae3560000 - 0x00007ffae37c7000 	C:\WINDOWS\SYSTEM32\ntdll.dll
0x00007ffae1b20000 - 0x00007ffae1be9000 	C:\WINDOWS\System32\KERNEL32.DLL
0x00007ffadfee0000 - 0x00007ffae02d4000 	C:\WINDOWS\System32\KERNELBASE.dll
0x00007ffae11a0000 - 0x00007ffae12eb000 	C:\WINDOWS\System32\ucrtbase.dll
0x00007ffaba760000 - 0x00007ffaba778000 	c:\Users\gaana\.vscode\extensions\redhat.java-1.54.0-win32-x64\jre\21.0.10-win32-x86_64\bin\jli.dll
0x00007ffab9e30000 - 0x00007ffab9e4e000 	c:\Users\gaana\.vscode\extensions\redhat.java-1.54.0-win32-x64\jre\21.0.10-win32-x86_64\bin\VCRUNTIME140.dll
0x00007ffae1bf0000 - 0x00007ffae1db5000 	C:\WINDOWS\System32\USER32.dll
0x00007ffae0dd0000 - 0x00007ffae0df7000 	C:\WINDOWS\System32\win32u.dll
0x00007ffac54e0000 - 0x00007ffac5773000 	C:\WINDOWS\WinSxS\amd64_microsoft.windows.common-controls_6595b64144ccf1df_6.0.26100.8115_none_3e075c82e3354f9c\COMCTL32.dll
0x00007ffae1470000 - 0x00007ffae149b000 	C:\WINDOWS\System32\GDI32.dll
0x00007ffae2b30000 - 0x00007ffae2bd9000 	C:\WINDOWS\System32\msvcrt.dll
0x00007ffae0b50000 - 0x00007ffae0c7b000 	C:\WINDOWS\System32\gdi32full.dll
0x00007ffae0f80000 - 0x00007ffae1023000 	C:\WINDOWS\System32\msvcp_win.dll
0x00007ffae2730000 - 0x00007ffae2762000 	C:\WINDOWS\System32\IMM32.DLL
0x00007ffac70d0000 - 0x00007ffac70dc000 	c:\Users\gaana\.vscode\extensions\redhat.java-1.54.0-win32-x64\jre\21.0.10-win32-x86_64\bin\vcruntime140_1.dll
0x00007ffa6de90000 - 0x00007ffa6df1d000 	c:\Users\gaana\.vscode\extensions\redhat.java-1.54.0-win32-x64\jre\21.0.10-win32-x86_64\bin\msvcp140.dll
0x00007ffa1b9b0000 - 0x00007ffa1c751000 	c:\Users\gaana\.vscode\extensions\redhat.java-1.54.0-win32-x64\jre\21.0.10-win32-x86_64\bin\server\jvm.dll
0x00007ffae2c00000 - 0x00007ffae2cb6000 	C:\WINDOWS\System32\ADVAPI32.dll
0x00007ffae13c0000 - 0x00007ffae1467000 	C:\WINDOWS\System32\sechost.dll
0x00007ffae2770000 - 0x00007ffae2888000 	C:\WINDOWS\System32\RPCRT4.dll
0x00007ffae2890000 - 0x00007ffae2910000 	C:\WINDOWS\System32\WS2_32.dll
0x00007ffad59e0000 - 0x00007ffad5a16000 	C:\WINDOWS\SYSTEM32\WINMM.dll
0x00007ffadfcb0000 - 0x00007ffadfd0e000 	C:\WINDOWS\SYSTEM32\POWRPROF.dll
0x00007ffad8b60000 - 0x00007ffad8b6b000 	C:\WINDOWS\SYSTEM32\VERSION.dll
0x00007ffadfc90000 - 0x00007ffadfca4000 	C:\WINDOWS\SYSTEM32\UMPDC.dll
0x00007ffadeb90000 - 0x00007ffadebab000 	C:\WINDOWS\SYSTEM32\kernel.appcore.dll
0x00007ffac3960000 - 0x00007ffac396a000 	c:\Users\gaana\.vscode\extensions\redhat.java-1.54.0-win32-x64\jre\21.0.10-win32-x86_64\bin\jimage.dll
0x00007ffaddc60000 - 0x00007ffaddea2000 	C:\WINDOWS\SYSTEM32\DBGHELP.DLL
0x00007ffae1e10000 - 0x00007ffae2192000 	C:\WINDOWS\System32\combase.dll
0x00007ffae1940000 - 0x00007ffae1a18000 	C:\WINDOWS\System32\OLEAUT32.dll
0x00007ffac5b50000 - 0x00007ffac5b8b000 	C:\WINDOWS\SYSTEM32\dbgcore.DLL
0x00007ffadfe30000 - 0x00007ffadfed5000 	C:\WINDOWS\System32\bcryptPrimitives.dll
0x00007ffac3940000 - 0x00007ffac394f000 	c:\Users\gaana\.vscode\extensions\redhat.java-1.54.0-win32-x64\jre\21.0.10-win32-x86_64\bin\instrument.dll
0x00007ffab9df0000 - 0x00007ffab9e10000 	c:\Users\gaana\.vscode\extensions\redhat.java-1.54.0-win32-x64\jre\21.0.10-win32-x86_64\bin\java.dll
0x00007ffae2d30000 - 0x00007ffae3497000 	C:\WINDOWS\System32\SHELL32.dll
0x00007ffae1030000 - 0x00007ffae119a000 	C:\WINDOWS\System32\wintypes.dll
0x00007ffae02e0000 - 0x00007ffae0b48000 	C:\WINDOWS\System32\windows.storage.dll
0x00007ffae1a20000 - 0x00007ffae1b18000 	C:\WINDOWS\System32\SHCORE.dll
0x00007ffae2cc0000 - 0x00007ffae2d26000 	C:\WINDOWS\System32\shlwapi.dll
0x00007ffadfd50000 - 0x00007ffadfd79000 	C:\WINDOWS\SYSTEM32\profapi.dll
0x00007ffab9dd0000 - 0x00007ffab9de8000 	c:\Users\gaana\.vscode\extensions\redhat.java-1.54.0-win32-x64\jre\21.0.10-win32-x86_64\bin\zip.dll
0x00007ffabb8f0000 - 0x00007ffabb900000 	C:\Users\gaana\.vscode\extensions\redhat.java-1.54.0-win32-x64\jre\21.0.10-win32-x86_64\bin\net.dll
0x00007ffad9e80000 - 0x00007ffad9fad000 	C:\WINDOWS\SYSTEM32\WINHTTP.dll
0x00007ffadf130000 - 0x00007ffadf19c000 	C:\WINDOWS\system32\mswsock.dll
0x00007ffab9110000 - 0x00007ffab9126000 	C:\Users\gaana\.vscode\extensions\redhat.java-1.54.0-win32-x64\jre\21.0.10-win32-x86_64\bin\nio.dll
0x00007ffaba670000 - 0x00007ffaba680000 	c:\Users\gaana\.vscode\extensions\redhat.java-1.54.0-win32-x64\jre\21.0.10-win32-x86_64\bin\verify.dll
0x00007ffa85730000 - 0x00007ffa85775000 	C:\Users\gaana\AppData\Roaming\Code\User\globalStorage\redhat.java\1.54.0\config_ss_win\org.eclipse.equinox.launcher\org.eclipse.equinox.launcher.win32.win32.x86_64_1.3.0.v20260203-2149\eclipse_11919.dll
0x00007ffae14a0000 - 0x00007ffae1637000 	C:\WINDOWS\System32\ole32.dll
0x00007ffab9fd0000 - 0x00007ffab9fda000 	C:\Users\gaana\.vscode\extensions\redhat.java-1.54.0-win32-x64\jre\21.0.10-win32-x86_64\bin\management.dll
0x00007ffab9dc0000 - 0x00007ffab9dcc000 	C:\Users\gaana\.vscode\extensions\redhat.java-1.54.0-win32-x64\jre\21.0.10-win32-x86_64\bin\management_ext.dll
0x00007ffae1920000 - 0x00007ffae1928000 	C:\WINDOWS\System32\PSAPI.DLL
0x00007ffadf410000 - 0x00007ffadf42b000 	C:\WINDOWS\SYSTEM32\CRYPTSP.dll
0x00007ffadeaf0000 - 0x00007ffadeb29000 	C:\WINDOWS\system32\rsaenh.dll
0x00007ffadf1e0000 - 0x00007ffadf213000 	C:\WINDOWS\SYSTEM32\USERENV.dll
0x00007ffadfd20000 - 0x00007ffadfd4a000 	C:\WINDOWS\SYSTEM32\bcrypt.dll
0x00007ffadf430000 - 0x00007ffadf43c000 	C:\WINDOWS\SYSTEM32\CRYPTBASE.dll
0x00007ffade560000 - 0x00007ffade592000 	C:\WINDOWS\SYSTEM32\IPHLPAPI.DLL
0x00007ffae2720000 - 0x00007ffae272a000 	C:\WINDOWS\System32\NSI.dll
0x00007ffa84fa0000 - 0x00007ffa84fe9000 	C:\Users\gaana\AppData\Local\Temp\jna-98109114\jna229499909878392169.dll
0x00007ffada9a0000 - 0x00007ffada9bd000 	C:\WINDOWS\SYSTEM32\dhcpcsvc6.DLL
0x00007ffada970000 - 0x00007ffada995000 	C:\WINDOWS\SYSTEM32\dhcpcsvc.DLL

JVMTI agents:
c:\Users\gaana\.vscode\extensions\redhat.java-1.54.0-win32-x64\lombok\lombok-1.18.39-4050.jar path:c:\Users\gaana\.vscode\extensions\redhat.java-1.54.0-win32-x64\jre\21.0.10-win32-x86_64\bin\instrument.dll, loaded, initialized, instrumentlib options:none

dbghelp: loaded successfully - version: 4.0.5 - missing functions: none
symbol engine: initialized successfully - sym options: 0x614 - pdb path: .;c:\Users\gaana\.vscode\extensions\redhat.java-1.54.0-win32-x64\jre\21.0.10-win32-x86_64\bin;C:\WINDOWS\SYSTEM32;C:\WINDOWS\WinSxS\amd64_microsoft.windows.common-controls_6595b64144ccf1df_6.0.26100.8115_none_3e075c82e3354f9c;c:\Users\gaana\.vscode\extensions\redhat.java-1.54.0-win32-x64\jre\21.0.10-win32-x86_64\bin\server;C:\Users\gaana\AppData\Roaming\Code\User\globalStorage\redhat.java\1.54.0\config_ss_win\org.eclipse.equinox.launcher\org.eclipse.equinox.launcher.win32.win32.x86_64_1.3.0.v20260203-2149;C:\Users\gaana\AppData\Local\Temp\jna-98109114

VM Arguments:
jvm_args: --add-modules=ALL-SYSTEM --add-opens=java.base/java.util=ALL-UNNAMED --add-opens=java.base/java.lang=ALL-UNNAMED --add-opens=java.base/sun.nio.fs=ALL-UNNAMED -Declipse.application=org.eclipse.jdt.ls.core.id1 -Dosgi.bundles.defaultStartLevel=4 -Declipse.product=org.eclipse.jdt.ls.core.product -Djava.import.generatesMetadataFilesAtProjectRoot=false -DDetectVMInstallationsJob.disabled=true -Dfile.encoding=utf8 -XX:+UseParallelGC -XX:GCTimeRatio=4 -XX:AdaptiveSizePolicyWeight=90 -Dsun.zip.disableMemoryMapping=true -Xmx2G -Xms100m -Xlog:disable -javaagent:c:\Users\gaana\.vscode\extensions\redhat.java-1.54.0-win32-x64\lombok\lombok-1.18.39-4050.jar 
java_command: c:\Users\gaana\.vscode\extensions\redhat.java-1.54.0-win32-x64\server\plugins\org.eclipse.equinox.launcher_1.7.100.v20251111-0406.jar -configuration c:\Users\gaana\AppData\Roaming\Code\User\globalStorage\redhat.java\1.54.0\config_ss_win -data c:\Users\gaana\AppData\Roaming\Code\User\workspaceStorage\8df9088b493f32a0263a46daa3adb40f\redhat.java\ss_ws --pipe=\\.\pipe\lsp-a640619d3feba0b15d94eefedf66d154-sock
java_class_path (initial): c:\Users\gaana\.vscode\extensions\redhat.java-1.54.0-win32-x64\server\plugins\org.eclipse.equinox.launcher_1.7.100.v20251111-0406.jar
Launcher Type: SUN_STANDARD

[Global flags]
    uintx AdaptiveSizePolicyWeight                 = 90                                        {product} {command line}
     intx CICompilerCount                          = 12                                        {product} {ergonomic}
    uintx GCTimeRatio                              = 4                                         {product} {command line}
   size_t InitialHeapSize                          = 104857600                                 {product} {command line}
   size_t MaxHeapSize                              = 2147483648                                {product} {command line}
   size_t MaxNewSize                               = 715653120                                 {product} {ergonomic}
   size_t MinHeapDeltaBytes                        = 524288                                    {product} {ergonomic}
   size_t MinHeapSize                              = 104857600                                 {product} {command line}
   size_t NewSize                                  = 34603008                                  {product} {ergonomic}
    uintx NonNMethodCodeHeapSize                   = 7602480                                {pd product} {ergonomic}
    uintx NonProfiledCodeHeapSize                  = 122027880                              {pd product} {ergonomic}
   size_t OldSize                                  = 70254592                                  {product} {ergonomic}
    uintx ProfiledCodeHeapSize                     = 122027880                              {pd product} {ergonomic}
    uintx ReservedCodeCacheSize                    = 251658240                              {pd product} {ergonomic}
     bool SegmentedCodeCache                       = true                                      {product} {ergonomic}
   size_t SoftMaxHeapSize                          = 2147483648                             {manageable} {ergonomic}
     bool UseCompressedOops                        = true                           {product lp64_product} {ergonomic}
     bool UseLargePagesIndividualAllocation        = false                                  {pd product} {ergonomic}
     bool UseParallelGC                            = true                                      {product} {command line}

Logging:
Log output configuration:
 #0: stdout all=off uptime,level,tags foldmultilines=false
 #1: stderr all=off uptime,level,tags foldmultilines=false

Release file:
JAVA_VERSION="21.0.10" 
MODULES="java.base java.compiler java.datatransfer java.xml java.prefs java.desktop java.instrument java.logging java.management java.security.sasl java.naming java.rmi java.management.rmi java.net.http java.scripting java.security.jgss java.transaction.xa java.sql java.sql.rowset java.xml.crypto java.se java.smartcardio jdk.accessibility jdk.internal.jvmstat jdk.attach jdk.charsets jdk.internal.opt jdk.zipfs jdk.compiler jdk.crypto.ec jdk.crypto.cryptoki jdk.crypto.mscapi jdk.dynalink jdk.internal.ed jdk.editpad jdk.hotspot.agent jdk.httpserver jdk.internal.le jdk.internal.vm.ci jdk.internal.vm.compiler jdk.internal.vm.compiler.management jdk.jartool jdk.javadoc jdk.jcmd jdk.management jdk.management.agent jdk.jconsole jdk.jdeps jdk.jdwp.agent jdk.jdi jdk.jfr jdk.jshell jdk.jsobject jdk.jstatd jdk.localedata jdk.management.jfr jdk.naming.dns jdk.naming.rmi jdk.net jdk.nio.mapmode jdk.random jdk.sctp jdk.security.auth jdk.security.jgss jdk.unsupported jdk.unsupported.desktop jdk.xml.dom" 

Environment Variables:
PATH=C:\Users\gaana\AppData\Local\Programs\Microsoft VS Code;C:\Python313\Scripts\;C:\Python313\;C:\Program Files\Common Files\Oracle\Java\javapath;D:\app\gaana\product\11.1.0\db_1\bin;C:\windows\system32;C:\windows;C:\windows\System32\Wbem;C:\windows\System32\WindowsPowerShell\v1.0\;C:\windows\System32\OpenSSH\;C:\Program Files (x86)\NVIDIA Corporation\PhysX\Common;C:\Program Files\NVIDIA Corporation\NVIDIA NvDLISR;C:\WINDOWS\system32;C:\WINDOWS;C:\WINDOWS\System32\Wbem;C:\WINDOWS\System32\WindowsPowerShell\v1.0\;C:\WINDOWS\System32\OpenSSH\;C:\ProgramData\chocolatey\bin;C:\Program Files\nodejs\;C:\Program Files\Git\cmd;C:\Users\gaana\AppData\Local\Programs\Python\Launcher\;C:\Users\gaana\AppData\Local\Programs\Python\Python310\Scripts\;C:\Users\gaana\AppData\Local\Programs\Python\Python310\;c:\Program Files\node.js\;C:\Users\gaana\AppData\Roaming\npm;C:\Users\gaana\AppData\Local\Programs\Microsoft VS Code\bin;C:\Users\gaana\Downloads\python-3.10.0-amd64.exe;
USERNAME=gaana
OS=Windows_NT
PROCESSOR_IDENTIFIER=AMD64 Family 25 Model 68 Stepping 1, AuthenticAMD
TMP=C:\Users\gaana\AppData\Local\Temp
TEMP=C:\Users\gaana\AppData\Local\Temp




Periodic native trim disabled

---------------  S Y S T E M  ---------------

OS:
 Windows 11 , 64 bit Build 26100 (10.0.26100.8246)
OS uptime: 0 days 2:42 hours
Hyper-V role detected

CPU: total 16 (initial active 16) (16 cores per cpu, 2 threads per core) family 25 model 68 stepping 1 microcode 0xa404102, cx8, cmov, fxsr, ht, mmx, 3dnowpref, sse, sse2, sse3, ssse3, sse4a, sse4.1, sse4.2, popcnt, lzcnt, tsc, tscinvbit, avx, avx2, aes, erms, clmul, bmi1, bmi2, adx, sha, fma, vzeroupper, clflush, clflushopt, hv, rdtscp, rdpid, fsrm, f16c, cet_ss
Processor Information for the first 16 processors :
  Max Mhz: 3201, Current Mhz: 2508, Mhz Limit: 3201

Memory: 4k page, system-wide physical 15573M (2753M free)
TotalPageFile size 18227M (AvailPageFile size 8M)
current process WorkingSet (physical memory assigned to process): 230M, peak: 231M
current process commit charge ("private bytes"): 367M, peak: 371M

vm_info: OpenJDK 64-Bit Server VM (21.0.10+7-LTS) for windows-amd64 JRE (21.0.10+7-LTS), built on 2026-01-20T00:00:00Z by "admin" with MS VC++ 17.12 (VS2022)

END.
