#
# There is insufficient memory for the Java Runtime Environment to continue.
# Native memory allocation (malloc) failed to allocate 201456 bytes. Error detail: Chunk::new
# Possible reasons:
#   The system is out of physical RAM or swap space
#   This process is running with CompressedOops enabled, and the Java Heap may be blocking the growth of the native heap
# Possible solutions:
#   Reduce memory load on the system
#   Increase physical memory or swap space
#   Check if swap backing store is full
#   Decrease Java heap size (-Xmx/-Xms)
#   Decrease number of Java threads
#   Decrease Java thread stack sizes (-Xss)
#   Set larger code cache with -XX:ReservedCodeCacheSize=
#   JVM is running with Unscaled Compressed Oops mode in which the Java heap is
#     placed in the first 4GB address space. The Java Heap base address is the
#     maximum limit for the native heap growth. Please use -XX:HeapBaseMinAddress
#     to set the Java Heap base and to place the Java Heap above 4GB virtual address.
# This output file may be truncated or incomplete.
#
#  Out of Memory Error (arena.cpp:168), pid=20616, tid=1472
#
# JRE version: OpenJDK Runtime Environment Temurin-21.0.10+7 (21.0.10+7) (build 21.0.10+7-LTS)
# Java VM: OpenJDK 64-Bit Server VM Temurin-21.0.10+7 (21.0.10+7-LTS, mixed mode, sharing, tiered, compressed oops, compressed class ptrs, parallel gc, windows-amd64)
# No core dump will be written. Minidumps are not enabled by default on client versions of Windows
#

---------------  S U M M A R Y ------------

Command Line: --add-modules=ALL-SYSTEM --add-opens=java.base/java.util=ALL-UNNAMED --add-opens=java.base/java.lang=ALL-UNNAMED --add-opens=java.base/sun.nio.fs=ALL-UNNAMED -Declipse.application=org.eclipse.jdt.ls.core.id1 -Dosgi.bundles.defaultStartLevel=4 -Declipse.product=org.eclipse.jdt.ls.core.product -Djava.import.generatesMetadataFilesAtProjectRoot=false -DDetectVMInstallationsJob.disabled=true -Dfile.encoding=utf8 -XX:+UseParallelGC -XX:GCTimeRatio=4 -XX:AdaptiveSizePolicyWeight=90 -Dsun.zip.disableMemoryMapping=true -Xmx2G -Xms100m -Xlog:disable -javaagent:c:\Users\gaana\.vscode\extensions\redhat.java-1.54.0-win32-x64\lombok\lombok-1.18.39-4050.jar c:\Users\gaana\.vscode\extensions\redhat.java-1.54.0-win32-x64\server\plugins\org.eclipse.equinox.launcher_1.7.100.v20251111-0406.jar -configuration c:\Users\gaana\AppData\Roaming\Code\User\globalStorage\redhat.java\1.54.0\config_ss_win -data c:\Users\gaana\AppData\Roaming\Code\User\workspaceStorage\8df9088b493f32a0263a46daa3adb40f\redhat.java\ss_ws --pipe=\\.\pipe\lsp-9b2b0a466de697727fbcd77c91a90a3f-sock

Host: AMD Ryzen 7 6800H with Radeon Graphics         , 16 cores, 15G,  Windows 11 , 64 bit Build 26100 (10.0.26100.8246)
Time: Mon May 11 13:47:07 2026 India Standard Time elapsed time: 1.335248 seconds (0d 0h 0m 1s)

---------------  T H R E A D  ---------------

Current thread (0x0000027b66688c20):  JavaThread "C2 CompilerThread1" daemon [_thread_in_native, id=1472, stack(0x00000080a0600000,0x00000080a0700000) (1024K)]


Current CompileTask:
C2:1335 1786 %     4       java.io.WinNTFileSystem::normalize @ 58 (224 bytes)

Stack: [0x00000080a0600000,0x00000080a0700000]
Native frames: (J=compiled Java code, j=interpreted, Vv=VM code, C=native code)
V  [jvm.dll+0x6d7a39]
V  [jvm.dll+0x8b4b26]
V  [jvm.dll+0x8b70de]
V  [jvm.dll+0x8b77c3]
V  [jvm.dll+0x284346]
V  [jvm.dll+0xc66ed]
V  [jvm.dll+0xc6c31]
V  [jvm.dll+0x2fb29e]
V  [jvm.dll+0x5fe884]
V  [jvm.dll+0x255b17]
V  [jvm.dll+0x255edd]
V  [jvm.dll+0x24e500]
V  [jvm.dll+0x24ba42]
V  [jvm.dll+0x1cb34e]
V  [jvm.dll+0x25b85d]
V  [jvm.dll+0x259dea]
V  [jvm.dll+0x3f857e]
V  [jvm.dll+0x85f59d]
V  [jvm.dll+0x6d626d]
C  [ucrtbase.dll+0x37b0]
C  [KERNEL32.DLL+0x2e8d7]
C  [ntdll.dll+0x8c3fc]


---------------  P R O C E S S  ---------------

Threads class SMR info:
_java_thread_list=0x0000027b6c9809e0, length=25, elements={
0x0000027b0b5bcbb0, 0x0000027b0b65ffd0, 0x0000027b0b6639d0, 0x0000027b0b6675a0,
0x0000027b0b66a010, 0x0000027b0b66cd90, 0x0000027b0b672760, 0x0000027b0b678bb0,
0x0000027b0b67beb0, 0x0000027b665a43d0, 0x0000027b665a6bc0, 0x0000027b66688c20,
0x0000027b66689af0, 0x0000027b6679d460, 0x0000027b667e2740, 0x0000027b6c023bd0,
0x0000027b6c346f30, 0x0000027b6ce4b8c0, 0x0000027b6c9cd9a0, 0x0000027b6c9832e0,
0x0000027b6c5354f0, 0x0000027b6c535b60, 0x0000027b6caf4170, 0x0000027b6ca010f0,
0x0000027b6cb18900
}

Java Threads: ( => current thread )
  0x0000027b0b5bcbb0 JavaThread "main"                              [_thread_in_vm, id=5668, stack(0x000000809f800000,0x000000809f900000) (1024K)]
  0x0000027b0b65ffd0 JavaThread "Reference Handler"          daemon [_thread_blocked, id=9720, stack(0x000000809fc00000,0x000000809fd00000) (1024K)]
  0x0000027b0b6639d0 JavaThread "Finalizer"                  daemon [_thread_blocked, id=8524, stack(0x000000809fd00000,0x000000809fe00000) (1024K)]
  0x0000027b0b6675a0 JavaThread "Signal Dispatcher"          daemon [_thread_blocked, id=26880, stack(0x000000809fe00000,0x000000809ff00000) (1024K)]
  0x0000027b0b66a010 JavaThread "Attach Listener"            daemon [_thread_blocked, id=8824, stack(0x000000809ff00000,0x00000080a0000000) (1024K)]
  0x0065005c00650064 
[error occurred during error reporting (printing all threads), id 0xc0000005, EXCEPTION_ACCESS_VIOLATION (0xc0000005) at pc=0x00007ffa1c219d3c]
VM state: not at safepoint (normal execution)

VM Mutex/Monitor currently owned by a thread: None

Heap address: 0x0000000080000000, size: 2048 MB, Compressed Oops mode: 32-bit

CDS archive(s) mapped at: [0x0000027b24000000-0x0000027b24ba0000-0x0000027b24ba0000), size 12189696, SharedBaseAddress: 0x0000027b24000000, ArchiveRelocationMode: 1.
Compressed class space mapped at: 0x0000027b25000000-0x0000027b65000000, reserved size: 1073741824
Narrow klass base: 0x0000027b24000000, Narrow klass shift: 0, Narrow klass range: 0x100000000

GC Precious Log:
 CardTable entry size: 512
 CPUs: 16 total, 16 available
 Memory: 15573M
 Large Page Support: Disabled
 NUMA Support: Disabled
 Compressed Oops: Enabled (32-bit)
 Alignments: Space 512K, Generation 512K, Heap 2M
 Heap Min Capacity: 100M
 Heap Initial Capacity: 100M
 Heap Max Capacity: 2G
 Pre-touch: Disabled
 Parallel Workers: 13

Heap:
 PSYoungGen      total 29696K, used 6473K [0x00000000d5580000, 0x00000000d7680000, 0x0000000100000000)
  eden space 25600K, 9% used [0x00000000d5580000,0x00000000d57d52b8,0x00000000d6e80000)
  from space 4096K, 99% used [0x00000000d7280000,0x00000000d767d2a0,0x00000000d7680000)
  to   space 4096K, 0% used [0x00000000d6e80000,0x00000000d6e80000,0x00000000d7280000)
 ParOldGen       total 68608K, used 32K [0x0000000080000000, 0x0000000084300000, 0x00000000d5580000)
  object space 68608K, 0% used [0x0000000080000000,0x0000000080008000,0x0000000084300000)
 Metaspace       used 8295K, committed 8512K, reserved 1114112K
  class space    used 879K, committed 960K, reserved 1048576K

Card table byte_map: [0x0000027b1f2a0000,0x0000027b1f6b0000] _byte_map_base: 0x0000027b1eea0000

Marking Bits: (ParMarkBitMap*) 0x00007ffa1c673450
 Begin Bits: [0x0000027b1f960000, 0x0000027b21960000)
 End Bits:   [0x0000027b21960000, 0x0000027b23960000)

Polling page: 0x0000027b0b9a0000

Metaspace:

Usage:
  Non-class:      7.24 MB used.
      Class:    879.67 KB used.
       Both:      8.10 MB used.

Virtual space:
  Non-class space:       64.00 MB reserved,       7.38 MB ( 12%) committed,  1 nodes.
      Class space:        1.00 GB reserved,     960.00 KB ( <1%) committed,  1 nodes.
             Both:        1.06 GB reserved,       8.31 MB ( <1%) committed. 

Chunk freelists:
   Non-Class:  8.56 MB
       Class:  14.88 MB
        Both:  23.44 MB

MaxMetaspaceSize: unlimited
CompressedClassSpaceSize: 1.00 GB
Initial GC threshold: 21.00 MB
Current GC threshold: 21.00 MB
CDS: on
 - commit_granule_bytes: 65536.
 - commit_granule_words: 8192.
 - virtual_space_node_default_size: 8388608.
 - enlarge_chunks_in_place: 1.
 - use_allocation_guard: 0.


Internal statistics:

num_allocs_failed_limit: 0.
num_arena_births: 224.
num_arena_deaths: 0.
num_vsnodes_births: 2.
num_vsnodes_deaths: 0.
num_space_committed: 133.
num_space_uncommitted: 0.
num_chunks_returned_to_freelist: 0.
num_chunks_taken_from_freelist: 423.
num_chunk_merges: 0.
num_chunk_splits: 274.
num_chunks_enlarged: 186.
num_inconsistent_stats: 0.

CodeHeap 'non-profiled nmethods': size=119168Kb used=706Kb max_used=706Kb free=118461Kb
 bounds [0x0000027b17c50000, 0x0000027b17ec0000, 0x0000027b1f0b0000]
CodeHeap 'profiled nmethods': size=119104Kb used=3291Kb max_used=3291Kb free=115812Kb
 bounds [0x0000027b100b0000, 0x0000027b103f0000, 0x0000027b17500000]
CodeHeap 'non-nmethods': size=7488Kb used=2901Kb max_used=2935Kb free=4586Kb
 bounds [0x0000027b17500000, 0x0000027b177e0000, 0x0000027b17c50000]
CodeCache: size=245760Kb, used=6898Kb, max_used=6932Kb, free=238859Kb
 total_blobs=2298, nmethods=1819, adapters=383, full_count=0
Compilation: enabled, stopped_count=0, restarted_count=0

Compilation events (20 events):
Event: 1.316 Thread 0x0000027b0b67beb0 1785       3       java.io.WinNTFileSystem::isAbsolute (36 bytes)
Event: 1.316 Thread 0x0000027b667e2740 nmethod 1784 0x0000027b103cf390 code [0x0000027b103cf540, 0x0000027b103cf690]
Event: 1.316 Thread 0x0000027b6c346f30 nmethod 1779 0x0000027b17cfbc10 code [0x0000027b17cfbda0, 0x0000027b17cfbf98]
Event: 1.317 Thread 0x0000027b0b67beb0 nmethod 1785 0x0000027b103cf710 code [0x0000027b103cf920, 0x0000027b103cffb0]
Event: 1.322 Thread 0x0000027b66688c20 1786 %     4       java.io.WinNTFileSystem::normalize @ 58 (224 bytes)
Event: 1.325 Thread 0x0000027b0b67beb0 1787       3       java.net.URLStreamHandler::<init> (5 bytes)
Event: 1.326 Thread 0x0000027b0b67beb0 nmethod 1787 0x0000027b103d0290 code [0x0000027b103d0440, 0x0000027b103d05a8]
Event: 1.326 Thread 0x0000027b0b67beb0 1788       3       org.eclipse.osgi.internal.framework.EquinoxConfiguration::getProperty (9 bytes)
Event: 1.326 Thread 0x0000027b665a43d0 1789       3       org.eclipse.osgi.internal.framework.EquinoxConfiguration$ConfigValues::getProperty (31 bytes)
Event: 1.326 Thread 0x0000027b0b67beb0 nmethod 1788 0x0000027b103d0690 code [0x0000027b103d08e0, 0x0000027b103d1078]
Event: 1.326 Thread 0x0000027b667e2740 1790       3       org.eclipse.osgi.internal.framework.BundleContextImpl::getProperty (25 bytes)
Event: 1.326 Thread 0x0000027b665a43d0 nmethod 1789 0x0000027b103d1310 code [0x0000027b103d15a0, 0x0000027b103d2018]
Event: 1.327 Thread 0x0000027b0b67beb0 1791       3       org.eclipse.equinox.plurl.PlurlStreamHandlerBase::<init> (5 bytes)
Event: 1.327 Thread 0x0000027b0b67beb0 nmethod 1791 0x0000027b103d2390 code [0x0000027b103d2540, 0x0000027b103d2708]
Event: 1.327 Thread 0x0000027b667e2740 nmethod 1790 0x0000027b103d2810 code [0x0000027b103d2a20, 0x0000027b103d2fb8]
Event: 1.327 Thread 0x0000027b667e2740 1792       3       org.eclipse.core.runtime.adaptor.EclipseStarter::createURL (52 bytes)
Event: 1.327 Thread 0x0000027b0b67beb0 1793       3       org.eclipse.osgi.storage.url.reference.Handler::<init> (35 bytes)
Event: 1.328 Thread 0x0000027b0b67beb0 nmethod 1793 0x0000027b103d3210 code [0x0000027b103d3420, 0x0000027b103d3968]
Event: 1.328 Thread 0x0000027b667e2740 nmethod 1792 0x0000027b103d3b90 code [0x0000027b103d3e40, 0x0000027b103d4a18]
Event: 1.333 Thread 0x0000027b665a43d0 1794       3       java.net.URL::<init> (11 bytes)

GC Heap History (4 events):
Event: 0.658 GC heap before
{Heap before GC invocations=1 (full 0):
 PSYoungGen      total 29696K, used 25600K [0x00000000d5580000, 0x00000000d7680000, 0x0000000100000000)
  eden space 25600K, 100% used [0x00000000d5580000,0x00000000d6e80000,0x00000000d6e80000)
  from space 4096K, 0% used [0x00000000d7280000,0x00000000d7280000,0x00000000d7680000)
  to   space 4096K, 0% used [0x00000000d6e80000,0x00000000d6e80000,0x00000000d7280000)
 ParOldGen       total 68608K, used 0K [0x0000000080000000, 0x0000000084300000, 0x00000000d5580000)
  object space 68608K, 0% used [0x0000000080000000,0x0000000080000000,0x0000000084300000)
 Metaspace       used 4156K, committed 4416K, reserved 1114112K
  class space    used 454K, committed 576K, reserved 1048576K
}
Event: 0.665 GC heap after
{Heap after GC invocations=1 (full 0):
 PSYoungGen      total 29696K, used 3708K [0x00000000d5580000, 0x00000000d7680000, 0x0000000100000000)
  eden space 25600K, 0% used [0x00000000d5580000,0x00000000d5580000,0x00000000d6e80000)
  from space 4096K, 90% used [0x00000000d6e80000,0x00000000d721f000,0x00000000d7280000)
  to   space 4096K, 0% used [0x00000000d7280000,0x00000000d7280000,0x00000000d7680000)
 ParOldGen       total 68608K, used 16K [0x0000000080000000, 0x0000000084300000, 0x00000000d5580000)
  object space 68608K, 0% used [0x0000000080000000,0x0000000080004000,0x0000000084300000)
 Metaspace       used 4156K, committed 4416K, reserved 1114112K
  class space    used 454K, committed 576K, reserved 1048576K
}
Event: 1.256 GC heap before
{Heap before GC invocations=2 (full 0):
 PSYoungGen      total 29696K, used 29308K [0x00000000d5580000, 0x00000000d7680000, 0x0000000100000000)
  eden space 25600K, 100% used [0x00000000d5580000,0x00000000d6e80000,0x00000000d6e80000)
  from space 4096K, 90% used [0x00000000d6e80000,0x00000000d721f000,0x00000000d7280000)
  to   space 4096K, 0% used [0x00000000d7280000,0x00000000d7280000,0x00000000d7680000)
 ParOldGen       total 68608K, used 16K [0x0000000080000000, 0x0000000084300000, 0x00000000d5580000)
  object space 68608K, 0% used [0x0000000080000000,0x0000000080004000,0x0000000084300000)
 Metaspace       used 8169K, committed 8384K, reserved 1114112K
  class space    used 869K, committed 960K, reserved 1048576K
}
Event: 1.261 GC heap after
{Heap after GC invocations=2 (full 0):
 PSYoungGen      total 29696K, used 4084K [0x00000000d5580000, 0x00000000d7680000, 0x0000000100000000)
  eden space 25600K, 0% used [0x00000000d5580000,0x00000000d5580000,0x00000000d6e80000)
  from space 4096K, 99% used [0x00000000d7280000,0x00000000d767d2a0,0x00000000d7680000)
  to   space 4096K, 0% used [0x00000000d6e80000,0x00000000d6e80000,0x00000000d7280000)
 ParOldGen       total 68608K, used 32K [0x0000000080000000, 0x0000000084300000, 0x00000000d5580000)
  object space 68608K, 0% used [0x0000000080000000,0x0000000080008000,0x0000000084300000)
 Metaspace       used 8169K, committed 8384K, reserved 1114112K
  class space    used 869K, committed 960K, reserved 1048576K
}

Dll operation events (8 events):
Event: 0.009 Loaded shared library c:\Users\gaana\.vscode\extensions\redhat.java-1.54.0-win32-x64\jre\21.0.10-win32-x86_64\bin\java.dll
Event: 0.064 Loaded shared library c:\Users\gaana\.vscode\extensions\redhat.java-1.54.0-win32-x64\jre\21.0.10-win32-x86_64\bin\zip.dll
Event: 0.082 Loaded shared library C:\Users\gaana\.vscode\extensions\redhat.java-1.54.0-win32-x64\jre\21.0.10-win32-x86_64\bin\instrument.dll
Event: 0.088 Loaded shared library C:\Users\gaana\.vscode\extensions\redhat.java-1.54.0-win32-x64\jre\21.0.10-win32-x86_64\bin\net.dll
Event: 0.090 Loaded shared library C:\Users\gaana\.vscode\extensions\redhat.java-1.54.0-win32-x64\jre\21.0.10-win32-x86_64\bin\nio.dll
Event: 0.093 Loaded shared library C:\Users\gaana\.vscode\extensions\redhat.java-1.54.0-win32-x64\jre\21.0.10-win32-x86_64\bin\zip.dll
Event: 0.110 Loaded shared library C:\Users\gaana\.vscode\extensions\redhat.java-1.54.0-win32-x64\jre\21.0.10-win32-x86_64\bin\jimage.dll
Event: 0.177 Loaded shared library c:\Users\gaana\.vscode\extensions\redhat.java-1.54.0-win32-x64\jre\21.0.10-win32-x86_64\bin\verify.dll

Deoptimization events (20 events):
Event: 1.019 Thread 0x0000027b0b5bcbb0 DEOPT PACKING pc=0x0000027b17c947c0 sp=0x000000809f8fe5e0
Event: 1.019 Thread 0x0000027b0b5bcbb0 DEOPT UNPACKING pc=0x0000027b17553aa2 sp=0x000000809f8fe450 mode 2
Event: 1.111 Thread 0x0000027b0b5bcbb0 Uncommon trap: trap_request=0xffffff45 fr.pc=0x0000027b17cca4cc relative=0x00000000000000ac
Event: 1.111 Thread 0x0000027b0b5bcbb0 Uncommon trap: reason=unstable_if action=reinterpret pc=0x0000027b17cca4cc method=java.util.concurrent.locks.ReentrantLock$NonfairSync.initialTryLock()Z @ 10 c2
Event: 1.111 Thread 0x0000027b0b5bcbb0 DEOPT PACKING pc=0x0000027b17cca4cc sp=0x000000809f8fe840
Event: 1.111 Thread 0x0000027b0b5bcbb0 DEOPT UNPACKING pc=0x0000027b17553aa2 sp=0x000000809f8fe7d0 mode 2
Event: 1.156 Thread 0x0000027b0b5bcbb0 Uncommon trap: trap_request=0xffffff45 fr.pc=0x0000027b17cc9de0 relative=0x0000000000000040
Event: 1.156 Thread 0x0000027b0b5bcbb0 Uncommon trap: reason=unstable_if action=reinterpret pc=0x0000027b17cc9de0 method=java.util.concurrent.locks.AbstractQueuedSynchronizer.signalNext(Ljava/util/concurrent/locks/AbstractQueuedSynchronizer$Node;)V @ 1 c2
Event: 1.157 Thread 0x0000027b0b5bcbb0 DEOPT PACKING pc=0x0000027b17cc9de0 sp=0x000000809f8fe640
Event: 1.157 Thread 0x0000027b0b5bcbb0 DEOPT UNPACKING pc=0x0000027b17553aa2 sp=0x000000809f8fe5d0 mode 2
Event: 1.201 Thread 0x0000027b0b5bcbb0 Uncommon trap: trap_request=0xffffffde fr.pc=0x0000027b17c9a4e4 relative=0x0000000000000904
Event: 1.201 Thread 0x0000027b0b5bcbb0 Uncommon trap: reason=class_check action=maybe_recompile pc=0x0000027b17c9a4e4 method=java.util.HashMap.putVal(ILjava/lang/Object;Ljava/lang/Object;ZZ)Ljava/lang/Object; @ 253 c2
Event: 1.201 Thread 0x0000027b0b5bcbb0 DEOPT PACKING pc=0x0000027b17c9a4e4 sp=0x000000809f8fe1b0
Event: 1.201 Thread 0x0000027b0b5bcbb0 DEOPT UNPACKING pc=0x0000027b17553aa2 sp=0x000000809f8fe130 mode 2
Event: 1.204 Thread 0x0000027b0b5bcbb0 Uncommon trap: trap_request=0xffffffde fr.pc=0x0000027b17c9a4e4 relative=0x0000000000000904
Event: 1.204 Thread 0x0000027b0b5bcbb0 Uncommon trap: reason=class_check action=maybe_recompile pc=0x0000027b17c9a4e4 method=java.util.HashMap.putVal(ILjava/lang/Object;Ljava/lang/Object;ZZ)Ljava/lang/Object; @ 253 c2
Event: 1.204 Thread 0x0000027b0b5bcbb0 DEOPT PACKING pc=0x0000027b17c9a4e4 sp=0x000000809f8fe1b0
Event: 1.204 Thread 0x0000027b0b5bcbb0 DEOPT UNPACKING pc=0x0000027b17553aa2 sp=0x000000809f8fe130 mode 2
Event: 1.309 Thread 0x0000027b0b5bcbb0 DEOPT PACKING pc=0x0000027b1027c8c3 sp=0x000000809f8fe410
Event: 1.309 Thread 0x0000027b0b5bcbb0 DEOPT UNPACKING pc=0x0000027b17554242 sp=0x000000809f8fd888 mode 0

Classes loaded (20 events):
Event: 1.222 Loading class java/lang/StackWalker$Option
Event: 1.222 Loading class java/lang/StackWalker$Option done
Event: 1.244 Loading class javax/xml/parsers/ParserConfigurationException
Event: 1.244 Loading class javax/xml/parsers/ParserConfigurationException done
Event: 1.246 Loading class java/security/KeyStoreException
Event: 1.247 Loading class java/security/KeyStoreException done
Event: 1.251 Loading class java/lang/Thread$Builder$OfPlatform
Event: 1.251 Loading class java/lang/Thread$Builder
Event: 1.251 Loading class java/lang/Thread$Builder done
Event: 1.252 Loading class java/lang/Thread$Builder$OfPlatform done
Event: 1.252 Loading class java/lang/Thread$Builder$OfVirtual
Event: 1.252 Loading class java/lang/Thread$Builder$OfVirtual done
Event: 1.269 Loading class sun/nio/fs/WindowsChannelFactory
Event: 1.269 Loading class sun/nio/fs/WindowsChannelFactory done
Event: 1.269 Loading class sun/nio/fs/WindowsChannelFactory$1
Event: 1.269 Loading class sun/nio/fs/WindowsChannelFactory$1 done
Event: 1.269 Loading class sun/nio/fs/WindowsChannelFactory$Flags
Event: 1.270 Loading class sun/nio/fs/WindowsChannelFactory$Flags done
Event: 1.270 Loading class sun/nio/ch/FileChannelImpl$Closer
Event: 1.270 Loading class sun/nio/ch/FileChannelImpl$Closer done

Classes unloaded (0 events):
No events

Classes redefined (0 events):
No events

Internal exceptions (20 events):
Event: 0.632 Thread 0x0000027b0b5bcbb0 Exception <a 'java/lang/NoSuchMethodError'{0x00000000d6bec550}: 'java.lang.ClassLoader java.lang.ClassLoader.getPlatformClassLoader(java.lang.Class)'> (0x00000000d6bec550) 
thrown [s\src\hotspot\share\interpreter\linkResolver.cpp, line 773]
Event: 0.699 Thread 0x0000027b0b5bcbb0 Exception <a 'java/lang/ClassNotFoundException'{0x00000000d5748860}: sun/net/www/protocol/c/Handler> (0x00000000d5748860) 
thrown [s\src\hotspot\share\classfile\systemDictionary.cpp, line 312]
Event: 0.699 Thread 0x0000027b0b5bcbb0 Exception <a 'java/lang/ClassNotFoundException'{0x00000000d5749c00}: sun/net/www/protocol/c/Handler> (0x00000000d5749c00) 
thrown [s\src\hotspot\share\classfile\systemDictionary.cpp, line 312]
Event: 0.700 Thread 0x0000027b0b5bcbb0 Exception <a 'java/lang/ClassNotFoundException'{0x00000000d574ade8}: sun/net/www/protocol/c/Handler> (0x00000000d574ade8) 
thrown [s\src\hotspot\share\classfile\systemDictionary.cpp, line 312]
Event: 0.707 Thread 0x0000027b0b5bcbb0 Exception <a 'java/io/FileNotFoundException'{0x00000000d5773310}> (0x00000000d5773310) 
thrown [s\src\hotspot\share\prims\jni.cpp, line 520]
Event: 0.736 Thread 0x0000027b0b5bcbb0 Implicit null exception at 0x0000027b17ca3449 to 0x0000027b17ca3db4
Event: 0.736 Thread 0x0000027b0b5bcbb0 Implicit null exception at 0x0000027b17cb0f1a to 0x0000027b17cb1128
Event: 0.737 Thread 0x0000027b0b5bcbb0 Exception <a 'java/lang/NoSuchMethodError'{0x00000000d58e4ec8}: 'void java.lang.invoke.DirectMethodHandle$Holder.invokeStatic(java.lang.Object, java.lang.Object, java.lang.Object, java.lang.Object)'> (0x00000000d58e4ec8) 
thrown [s\src\hotspot\share\interpreter\linkResolver.cpp, line 773]
Event: 0.738 Thread 0x0000027b0b5bcbb0 Implicit null exception at 0x0000027b17cac7bc to 0x0000027b17caca48
Event: 0.738 Thread 0x0000027b0b5bcbb0 Implicit null exception at 0x0000027b17caf63d to 0x0000027b17caf6c1
Event: 0.849 Thread 0x0000027b0b5bcbb0 Exception <a 'java/lang/NoSuchMethodError'{0x00000000d5d83760}: 'int java.lang.invoke.DirectMethodHandle$Holder.invokeVirtual(java.lang.Object, java.lang.Object)'> (0x00000000d5d83760) 
thrown [s\src\hotspot\share\interpreter\linkResolver.cpp, line 773]
Event: 1.094 Thread 0x0000027b0b5bcbb0 Exception <a 'java/lang/IncompatibleClassChangeError'{0x00000000d67d3d00}: Found class java.lang.Object, but interface was expected> (0x00000000d67d3d00) 
thrown [s\src\hotspot\share\interpreter\linkResolver.cpp, line 840]
Event: 1.096 Thread 0x0000027b0b5bcbb0 Exception <a 'java/lang/NoSuchMethodError'{0x00000000d67dcf70}: 'void java.lang.invoke.DirectMethodHandle$Holder.invokeInterface(java.lang.Object, java.lang.Object, java.lang.Object)'> (0x00000000d67dcf70) 
thrown [s\src\hotspot\share\interpreter\linkResolver.cpp, line 773]
Event: 1.139 Thread 0x0000027b0b5bcbb0 Exception <a 'java/lang/NoSuchMethodError'{0x00000000d69c6cf0}: 'int java.lang.invoke.DirectMethodHandle$Holder.invokeStaticInit(java.lang.Object, java.lang.Object, java.lang.Object, java.lang.Object)'> (0x00000000d69c6cf0) 
thrown [s\src\hotspot\share\interpreter\linkResolver.cpp, line 773]
Event: 1.141 Thread 0x0000027b0b5bcbb0 Exception <a 'java/lang/NoSuchMethodError'{0x00000000d69d1528}: 'void java.lang.invoke.DirectMethodHandle$Holder.invokeStaticInit(java.lang.Object, java.lang.Object)'> (0x00000000d69d1528) 
thrown [s\src\hotspot\share\interpreter\linkResolver.cpp, line 773]
Event: 1.142 Thread 0x0000027b0b5bcbb0 Exception <a 'java/lang/NoSuchMethodError'{0x00000000d69d6a08}: 'int java.lang.invoke.DirectMethodHandle$Holder.invokeStaticInit(java.lang.Object, java.lang.Object)'> (0x00000000d69d6a08) 
thrown [s\src\hotspot\share\interpreter\linkResolver.cpp, line 773]
Event: 1.189 Thread 0x0000027b0b5bcbb0 Exception <a 'java/lang/NoSuchMethodError'{0x00000000d6bcba68}: 'java.lang.Object java.lang.invoke.DirectMethodHandle$Holder.newInvokeSpecial(java.lang.Object, int, java.lang.Object)'> (0x00000000d6bcba68) 
thrown [s\src\hotspot\share\interpreter\linkResolver.cpp, line 773]
Event: 1.225 Thread 0x0000027b0b5bcbb0 Exception <a 'java/lang/ClassNotFoundException'{0x00000000d6d48d28}: sun/net/www/protocol/plurl/Handler> (0x00000000d6d48d28) 
thrown [s\src\hotspot\share\classfile\systemDictionary.cpp, line 312]
Event: 1.225 Thread 0x0000027b0b5bcbb0 Exception <a 'java/lang/ClassNotFoundException'{0x00000000d6d49ba8}: sun/net/www/protocol/plurl/Handler> (0x00000000d6d49ba8) 
thrown [s\src\hotspot\share\classfile\systemDictionary.cpp, line 312]
Event: 1.230 Thread 0x0000027b0b5bcbb0 Exception <a 'java/lang/NoSuchMethodError'{0x00000000d6d89c08}: 'void java.lang.invoke.DirectMethodHandle$Holder.invokeSpecial(java.lang.Object, java.lang.Object, java.lang.Object)'> (0x00000000d6d89c08) 
thrown [s\src\hotspot\share\interpreter\linkResolver.cpp, line 773]

ZGC Phase Switch (0 events):
No events

VM Operations (20 events):
Event: 0.122 Executing non-safepoint VM operation: HandshakeAllThreads (Deoptimize)
Event: 0.123 Executing non-safepoint VM operation: HandshakeAllThreads (Deoptimize) done
Event: 0.430 Executing non-safepoint VM operation: HandshakeAllThreads (Deoptimize)
Event: 0.430 Executing non-safepoint VM operation: HandshakeAllThreads (Deoptimize) done
Event: 0.450 Executing non-safepoint VM operation: HandshakeAllThreads (Deoptimize)
Event: 0.450 Executing non-safepoint VM operation: HandshakeAllThreads (Deoptimize) done
Event: 0.657 Executing safepoint VM operation: ICBufferFull
Event: 0.657 Executing safepoint VM operation: ICBufferFull done
Event: 0.658 Executing safepoint VM operation: ParallelGCFailedAllocation (Allocation Failure)
Event: 0.665 Executing safepoint VM operation: ParallelGCFailedAllocation (Allocation Failure) done
Event: 0.683 Executing non-safepoint VM operation: HandshakeAllThreads (Deoptimize)
Event: 0.683 Executing non-safepoint VM operation: HandshakeAllThreads (Deoptimize) done
Event: 1.020 Executing non-safepoint VM operation: HandshakeAllThreads (Deoptimize)
Event: 1.020 Executing non-safepoint VM operation: HandshakeAllThreads (Deoptimize) done
Event: 1.169 Executing non-safepoint VM operation: HandshakeAllThreads (Deoptimize)
Event: 1.169 Executing non-safepoint VM operation: HandshakeAllThreads (Deoptimize) done
Event: 1.221 Executing non-safepoint VM operation: HandshakeAllThreads (Deoptimize)
Event: 1.221 Executing non-safepoint VM operation: HandshakeAllThreads (Deoptimize) done
Event: 1.256 Executing safepoint VM operation: ParallelGCFailedAllocation (Allocation Failure)
Event: 1.261 Executing safepoint VM operation: ParallelGCFailedAllocation (Allocation Failure) done

Memory protections (0 events):
No events

Nmethod flushes (0 events):
No events

Events (20 events):
Event: 0.033 Thread 0x0000027b0b5bcbb0 Thread added: 0x0000027b0b66a010
Event: 0.033 Thread 0x0000027b0b5bcbb0 Thread added: 0x0000027b0b66cd90
Event: 0.033 Thread 0x0000027b0b5bcbb0 Thread added: 0x0000027b0b672760
Event: 0.033 Thread 0x0000027b0b5bcbb0 Thread added: 0x0000027b0b678bb0
Event: 0.034 Thread 0x0000027b0b5bcbb0 Thread added: 0x0000027b0b67beb0
Event: 0.039 Thread 0x0000027b0b67beb0 Thread added: 0x0000027b665a43d0
Event: 0.040 Thread 0x0000027b0b67beb0 Thread added: 0x0000027b665a6bc0
Event: 0.070 Thread 0x0000027b0b678bb0 Thread added: 0x0000027b66688c20
Event: 0.070 Thread 0x0000027b0b678bb0 Thread added: 0x0000027b66689af0
Event: 0.085 Thread 0x0000027b0b5bcbb0 Thread added: 0x0000027b6679d460
Event: 0.117 Thread 0x0000027b0b67beb0 Thread added: 0x0000027b667e2740
Event: 0.271 Thread 0x0000027b0b5bcbb0 Thread added: 0x0000027b6c023bd0
Event: 0.361 Thread 0x0000027b665a6bc0 Thread added: 0x0000027b6c346f30
Event: 1.079 Thread 0x0000027b0b5bcbb0 Thread added: 0x0000027b6ce4b8c0
Event: 1.081 Thread 0x0000027b6ce4b8c0 Thread added: 0x0000027b6c9cd9a0
Event: 1.086 Thread 0x0000027b0b5bcbb0 Thread added: 0x0000027b6c9832e0
Event: 1.088 Thread 0x0000027b0b5bcbb0 Thread added: 0x0000027b6c5354f0
Event: 1.089 Thread 0x0000027b0b5bcbb0 Thread added: 0x0000027b6c535b60
Event: 1.092 Thread 0x0000027b0b5bcbb0 Thread added: 0x0000027b6caf4170
Event: 1.153 Thread 0x0000027b0b5bcbb0 Thread added: 0x0000027b6ca010f0


Dynamic libraries:
0x00007ff7c17c0000 - 0x00007ff7c17ce000 	c:\Users\gaana\.vscode\extensions\redhat.java-1.54.0-win32-x64\jre\21.0.10-win32-x86_64\bin\java.exe
0x00007ffae3560000 - 0x00007ffae37c7000 	C:\WINDOWS\SYSTEM32\ntdll.dll
0x00007ffae1b20000 - 0x00007ffae1be9000 	C:\WINDOWS\System32\KERNEL32.DLL
0x00007ffadfee0000 - 0x00007ffae02d4000 	C:\WINDOWS\System32\KERNELBASE.dll
0x00007ffae11a0000 - 0x00007ffae12eb000 	C:\WINDOWS\System32\ucrtbase.dll
0x00007ffab9e30000 - 0x00007ffab9e4e000 	c:\Users\gaana\.vscode\extensions\redhat.java-1.54.0-win32-x64\jre\21.0.10-win32-x86_64\bin\VCRUNTIME140.dll
0x00007ffaba760000 - 0x00007ffaba778000 	c:\Users\gaana\.vscode\extensions\redhat.java-1.54.0-win32-x64\jre\21.0.10-win32-x86_64\bin\jli.dll
0x00007ffae1bf0000 - 0x00007ffae1db5000 	C:\WINDOWS\System32\USER32.dll
0x00007ffac54e0000 - 0x00007ffac5773000 	C:\WINDOWS\WinSxS\amd64_microsoft.windows.common-controls_6595b64144ccf1df_6.0.26100.8115_none_3e075c82e3354f9c\COMCTL32.dll
0x00007ffae0dd0000 - 0x00007ffae0df7000 	C:\WINDOWS\System32\win32u.dll
0x00007ffae1470000 - 0x00007ffae149b000 	C:\WINDOWS\System32\GDI32.dll
0x00007ffae2b30000 - 0x00007ffae2bd9000 	C:\WINDOWS\System32\msvcrt.dll
0x00007ffae0b50000 - 0x00007ffae0c7b000 	C:\WINDOWS\System32\gdi32full.dll
0x00007ffae0f80000 - 0x00007ffae1023000 	C:\WINDOWS\System32\msvcp_win.dll
0x00007ffae2730000 - 0x00007ffae2762000 	C:\WINDOWS\System32\IMM32.DLL
0x00007ffac70d0000 - 0x00007ffac70dc000 	c:\Users\gaana\.vscode\extensions\redhat.java-1.54.0-win32-x64\jre\21.0.10-win32-x86_64\bin\vcruntime140_1.dll
0x00007ffa6de90000 - 0x00007ffa6df1d000 	c:\Users\gaana\.vscode\extensions\redhat.java-1.54.0-win32-x64\jre\21.0.10-win32-x86_64\bin\msvcp140.dll
0x00007ffa1b9b0000 - 0x00007ffa1c751000 	c:\Users\gaana\.vscode\extensions\redhat.java-1.54.0-win32-x64\jre\21.0.10-win32-x86_64\bin\server\jvm.dll
0x00007ffae2c00000 - 0x00007ffae2cb6000 	C:\WINDOWS\System32\ADVAPI32.dll
0x00007ffae13c0000 - 0x00007ffae1467000 	C:\WINDOWS\System32\sechost.dll
0x00007ffae2770000 - 0x00007ffae2888000 	C:\WINDOWS\System32\RPCRT4.dll
0x00007ffae2890000 - 0x00007ffae2910000 	C:\WINDOWS\System32\WS2_32.dll
0x00007ffadfcb0000 - 0x00007ffadfd0e000 	C:\WINDOWS\SYSTEM32\POWRPROF.dll
0x00007ffad59e0000 - 0x00007ffad5a16000 	C:\WINDOWS\SYSTEM32\WINMM.dll
0x00007ffad8b60000 - 0x00007ffad8b6b000 	C:\WINDOWS\SYSTEM32\VERSION.dll
0x00007ffadfc90000 - 0x00007ffadfca4000 	C:\WINDOWS\SYSTEM32\UMPDC.dll
0x00007ffadeb90000 - 0x00007ffadebab000 	C:\WINDOWS\SYSTEM32\kernel.appcore.dll
0x00007ffac3960000 - 0x00007ffac396a000 	c:\Users\gaana\.vscode\extensions\redhat.java-1.54.0-win32-x64\jre\21.0.10-win32-x86_64\bin\jimage.dll
0x00007ffaddc60000 - 0x00007ffaddea2000 	C:\WINDOWS\SYSTEM32\DBGHELP.DLL
0x00007ffae1e10000 - 0x00007ffae2192000 	C:\WINDOWS\System32\combase.dll
0x00007ffae1940000 - 0x00007ffae1a18000 	C:\WINDOWS\System32\OLEAUT32.dll
0x00007ffac5b50000 - 0x00007ffac5b8b000 	C:\WINDOWS\SYSTEM32\dbgcore.DLL
0x00007ffadfe30000 - 0x00007ffadfed5000 	C:\WINDOWS\System32\bcryptPrimitives.dll
0x00007ffac3940000 - 0x00007ffac394f000 	c:\Users\gaana\.vscode\extensions\redhat.java-1.54.0-win32-x64\jre\21.0.10-win32-x86_64\bin\instrument.dll
0x00007ffab9df0000 - 0x00007ffab9e10000 	c:\Users\gaana\.vscode\extensions\redhat.java-1.54.0-win32-x64\jre\21.0.10-win32-x86_64\bin\java.dll
0x00007ffae2d30000 - 0x00007ffae3497000 	C:\WINDOWS\System32\SHELL32.dll
0x00007ffae1030000 - 0x00007ffae119a000 	C:\WINDOWS\System32\wintypes.dll
0x00007ffae02e0000 - 0x00007ffae0b48000 	C:\WINDOWS\System32\windows.storage.dll
0x00007ffae1a20000 - 0x00007ffae1b18000 	C:\WINDOWS\System32\SHCORE.dll
0x00007ffae2cc0000 - 0x00007ffae2d26000 	C:\WINDOWS\System32\shlwapi.dll
0x00007ffadfd50000 - 0x00007ffadfd79000 	C:\WINDOWS\SYSTEM32\profapi.dll
0x00007ffab9dd0000 - 0x00007ffab9de8000 	c:\Users\gaana\.vscode\extensions\redhat.java-1.54.0-win32-x64\jre\21.0.10-win32-x86_64\bin\zip.dll
0x00007ffabb8f0000 - 0x00007ffabb900000 	C:\Users\gaana\.vscode\extensions\redhat.java-1.54.0-win32-x64\jre\21.0.10-win32-x86_64\bin\net.dll
0x00007ffad9e80000 - 0x00007ffad9fad000 	C:\WINDOWS\SYSTEM32\WINHTTP.dll
0x00007ffadf130000 - 0x00007ffadf19c000 	C:\WINDOWS\system32\mswsock.dll
0x00007ffab9110000 - 0x00007ffab9126000 	C:\Users\gaana\.vscode\extensions\redhat.java-1.54.0-win32-x64\jre\21.0.10-win32-x86_64\bin\nio.dll
0x00007ffaba670000 - 0x00007ffaba680000 	c:\Users\gaana\.vscode\extensions\redhat.java-1.54.0-win32-x64\jre\21.0.10-win32-x86_64\bin\verify.dll

JVMTI agents:
c:\Users\gaana\.vscode\extensions\redhat.java-1.54.0-win32-x64\lombok\lombok-1.18.39-4050.jar path:c:\Users\gaana\.vscode\extensions\redhat.java-1.54.0-win32-x64\jre\21.0.10-win32-x86_64\bin\instrument.dll, loaded, initialized, instrumentlib options:none

dbghelp: loaded successfully - version: 4.0.5 - missing functions: none
symbol engine: initialized successfully - sym options: 0x614 - pdb path: .;c:\Users\gaana\.vscode\extensions\redhat.java-1.54.0-win32-x64\jre\21.0.10-win32-x86_64\bin;C:\WINDOWS\SYSTEM32;C:\WINDOWS\WinSxS\amd64_microsoft.windows.common-controls_6595b64144ccf1df_6.0.26100.8115_none_3e075c82e3354f9c;c:\Users\gaana\.vscode\extensions\redhat.java-1.54.0-win32-x64\jre\21.0.10-win32-x86_64\bin\server

VM Arguments:
jvm_args: --add-modules=ALL-SYSTEM --add-opens=java.base/java.util=ALL-UNNAMED --add-opens=java.base/java.lang=ALL-UNNAMED --add-opens=java.base/sun.nio.fs=ALL-UNNAMED -Declipse.application=org.eclipse.jdt.ls.core.id1 -Dosgi.bundles.defaultStartLevel=4 -Declipse.product=org.eclipse.jdt.ls.core.product -Djava.import.generatesMetadataFilesAtProjectRoot=false -DDetectVMInstallationsJob.disabled=true -Dfile.encoding=utf8 -XX:+UseParallelGC -XX:GCTimeRatio=4 -XX:AdaptiveSizePolicyWeight=90 -Dsun.zip.disableMemoryMapping=true -Xmx2G -Xms100m -Xlog:disable -javaagent:c:\Users\gaana\.vscode\extensions\redhat.java-1.54.0-win32-x64\lombok\lombok-1.18.39-4050.jar 
java_command: c:\Users\gaana\.vscode\extensions\redhat.java-1.54.0-win32-x64\server\plugins\org.eclipse.equinox.launcher_1.7.100.v20251111-0406.jar -configuration c:\Users\gaana\AppData\Roaming\Code\User\globalStorage\redhat.java\1.54.0\config_ss_win -data c:\Users\gaana\AppData\Roaming\Code\User\workspaceStorage\8df9088b493f32a0263a46daa3adb40f\redhat.java\ss_ws --pipe=\\.\pipe\lsp-9b2b0a466de697727fbcd77c91a90a3f-sock
java_class_path (initial): c:\Users\gaana\.vscode\extensions\redhat.java-1.54.0-win32-x64\server\plugins\org.eclipse.equinox.launcher_1.7.100.v20251111-0406.jar
Launcher Type: SUN_STANDARD

[Global flags]
    uintx AdaptiveSizePolicyWeight                 = 90                                        {product} {command line}
     intx CICompilerCount                          = 12                                        {product} {ergonomic}
    uintx GCTimeRatio                              = 4                                         {product} {command line}
   size_t InitialHeapSize                          = 104857600                                 {product} {command line}
   size_t MaxHeapSize                              = 2147483648                                {product} {command line}
   size_t MaxNewSize                               = 715653120                                 {product} {ergonomic}
   size_t MinHeapDeltaBytes                        = 524288                                    {product} {ergonomic}
   size_t MinHeapSize                              = 104857600                                 {product} {command line}
   size_t NewSize                                  = 34603008                                  {product} {ergonomic}
    uintx NonNMethodCodeHeapSize                   = 7602480                                {pd product} {ergonomic}
    uintx NonProfiledCodeHeapSize                  = 122027880                              {pd product} {ergonomic}
   size_t OldSize                                  = 70254592                                  {product} {ergonomic}
    uintx ProfiledCodeHeapSize                     = 122027880                              {pd product} {ergonomic}
    uintx ReservedCodeCacheSize                    = 251658240                              {pd product} {ergonomic}
     bool SegmentedCodeCache                       = true                                      {product} {ergonomic}
   size_t SoftMaxHeapSize                          = 2147483648                             {manageable} {ergonomic}
     bool UseCompressedOops                        = true                           {product lp64_product} {ergonomic}
     bool UseLargePagesIndividualAllocation        = false                                  {pd product} {ergonomic}
     bool UseParallelGC                            = true                                      {product} {command line}

Logging:
Log output configuration:
 #0: stdout all=off uptime,level,tags foldmultilines=false
 #1: stderr all=off uptime,level,tags foldmultilines=false

Release file:
JAVA_VERSION="21.0.10" 
MODULES="java.base java.compiler java.datatransfer java.xml java.prefs java.desktop java.instrument java.logging java.management java.security.sasl java.naming java.rmi java.management.rmi java.net.http java.scripting java.security.jgss java.transaction.xa java.sql java.sql.rowset java.xml.crypto java.se java.smartcardio jdk.accessibility jdk.internal.jvmstat jdk.attach jdk.charsets jdk.internal.opt jdk.zipfs jdk.compiler jdk.crypto.ec jdk.crypto.cryptoki jdk.crypto.mscapi jdk.dynalink jdk.internal.ed jdk.editpad jdk.hotspot.agent jdk.httpserver jdk.internal.le jdk.internal.vm.ci jdk.internal.vm.compiler jdk.internal.vm.compiler.management jdk.jartool jdk.javadoc jdk.jcmd jdk.management jdk.management.agent jdk.jconsole jdk.jdeps jdk.jdwp.agent jdk.jdi jdk.jfr jdk.jshell jdk.jsobject jdk.jstatd jdk.localedata jdk.management.jfr jdk.naming.dns jdk.naming.rmi jdk.net jdk.nio.mapmode jdk.random jdk.sctp jdk.security.auth jdk.security.jgss jdk.unsupported jdk.unsupported.desktop jdk.xml.dom" 

Environment Variables:
PATH=C:\Users\gaana\AppData\Local\Programs\Microsoft VS Code;C:\Python313\Scripts\;C:\Python313\;C:\Program Files\Common Files\Oracle\Java\javapath;D:\app\gaana\product\11.1.0\db_1\bin;C:\windows\system32;C:\windows;C:\windows\System32\Wbem;C:\windows\System32\WindowsPowerShell\v1.0\;C:\windows\System32\OpenSSH\;C:\Program Files (x86)\NVIDIA Corporation\PhysX\Common;C:\Program Files\NVIDIA Corporation\NVIDIA NvDLISR;C:\WINDOWS\system32;C:\WINDOWS;C:\WINDOWS\System32\Wbem;C:\WINDOWS\System32\WindowsPowerShell\v1.0\;C:\WINDOWS\System32\OpenSSH\;C:\ProgramData\chocolatey\bin;C:\Program Files\nodejs\;C:\Program Files\Git\cmd;C:\Users\gaana\AppData\Local\Programs\Python\Launcher\;C:\Users\gaana\AppData\Local\Programs\Python\Python310\Scripts\;C:\Users\gaana\AppData\Local\Programs\Python\Python310\;c:\Program Files\node.js\;C:\Users\gaana\AppData\Roaming\npm;C:\Users\gaana\AppData\Local\Programs\Microsoft VS Code\bin;C:\Users\gaana\Downloads\python-3.10.0-amd64.exe;
USERNAME=gaana
OS=Windows_NT
PROCESSOR_IDENTIFIER=AMD64 Family 25 Model 68 Stepping 1, AuthenticAMD
TMP=C:\Users\gaana\AppData\Local\Temp
TEMP=C:\Users\gaana\AppData\Local\Temp




Periodic native trim disabled

---------------  S Y S T E M  ---------------

OS:
 Windows 11 , 64 bit Build 26100 (10.0.26100.8246)
OS uptime: 0 days 2:42 hours
Hyper-V role detected

CPU: total 16 (initial active 16) (16 cores per cpu, 2 threads per core) family 25 model 68 stepping 1 microcode 0xa404102, cx8, cmov, fxsr, ht, mmx, 3dnowpref, sse, sse2, sse3, ssse3, sse4a, sse4.1, sse4.2, popcnt, lzcnt, tsc, tscinvbit, avx, avx2, aes, erms, clmul, bmi1, bmi2, adx, sha, fma, vzeroupper, clflush, clflushopt, hv, rdtscp, rdpid, fsrm, f16c, cet_ss
Processor Information for the first 16 processors :
  Max Mhz: 3201, Current Mhz: 2508, Mhz Limit: 3201

Memory: 4k page, system-wide physical 15573M (2861M free)
TotalPageFile size 18227M (AvailPageFile size 62M)
current process WorkingSet (physical memory assigned to process): 99M, peak: 99M
current process commit charge ("private bytes"): 261M, peak: 262M

vm_info: OpenJDK 64-Bit Server VM (21.0.10+7-LTS) for windows-amd64 JRE (21.0.10+7-LTS), built on 2026-01-20T00:00:00Z by "admin" with MS VC++ 17.12 (VS2022)

END.
